2011-04-25 19:31:13,607 ERROR [errorlog] java.net.MalformedURLException: no protocol: /home/dmackenzie/Projects/StatsApp/statsapp/src/main/soapui/MatchService-soapui-project.xml
java.net.MalformedURLException: no protocol: /home/dmackenzie/Projects/StatsApp/statsapp/src/main/soapui/MatchService-soapui-project.xml
	at java.net.URL.<init>(URL.java:567)
	at java.net.URL.<init>(URL.java:464)
	at java.net.URL.<init>(URL.java:413)
	at com.eviware.soapui.impl.wsdl.WsdlProject.<init>(WsdlProject.java:226)
	at com.eviware.soapui.impl.wsdl.WsdlProjectFactory.createNew(WsdlProjectFactory.java:62)
	at com.eviware.soapui.impl.wsdl.WsdlProjectFactory.createNew(WsdlProjectFactory.java:24)
	at com.eviware.soapui.impl.WorkspaceImpl.loadWorkspace(WorkspaceImpl.java:175)
	at com.eviware.soapui.impl.WorkspaceImpl.<init>(WorkspaceImpl.java:87)
	at com.eviware.soapui.impl.WorkspaceFactoryImpl.openWorkspace(WorkspaceFactoryImpl.java:32)
	at com.eviware.soapui.SoapUI.startSoapUI(SoapUI.java:770)
	at com.eviware.soapui.SoapUI$SoapUIRunner.run(SoapUI.java:624)
	at com.eviware.soapui.SoapUI.main(SoapUI.java:720)
2011-04-25 19:31:13,877 ERROR [errorlog] java.net.MalformedURLException: no protocol: /home/dmackenzie/Projects/StatsApp/statsapp/src/main/soapui/MatchService2-soapui-project.xml
java.net.MalformedURLException: no protocol: /home/dmackenzie/Projects/StatsApp/statsapp/src/main/soapui/MatchService2-soapui-project.xml
	at java.net.URL.<init>(URL.java:567)
	at java.net.URL.<init>(URL.java:464)
	at java.net.URL.<init>(URL.java:413)
	at com.eviware.soapui.impl.wsdl.WsdlProject.<init>(WsdlProject.java:226)
	at com.eviware.soapui.impl.wsdl.WsdlProjectFactory.createNew(WsdlProjectFactory.java:62)
	at com.eviware.soapui.impl.wsdl.WsdlProjectFactory.createNew(WsdlProjectFactory.java:24)
	at com.eviware.soapui.impl.WorkspaceImpl.loadWorkspace(WorkspaceImpl.java:175)
	at com.eviware.soapui.impl.WorkspaceImpl.<init>(WorkspaceImpl.java:87)
	at com.eviware.soapui.impl.WorkspaceFactoryImpl.openWorkspace(WorkspaceFactoryImpl.java:32)
	at com.eviware.soapui.SoapUI.startSoapUI(SoapUI.java:770)
	at com.eviware.soapui.SoapUI$SoapUIRunner.run(SoapUI.java:624)
	at com.eviware.soapui.SoapUI.main(SoapUI.java:720)
2012-03-06 23:15:47,751 ERROR [errorlog] java.net.MalformedURLException: no protocol: /home/dmackenzie/Projects/StatsApp/statsapp/src/main/soapui/MatchService2-soapui-project.xml
java.net.MalformedURLException: no protocol: /home/dmackenzie/Projects/StatsApp/statsapp/src/main/soapui/MatchService2-soapui-project.xml
	at java.net.URL.<init>(URL.java:567)
	at java.net.URL.<init>(URL.java:464)
	at java.net.URL.<init>(URL.java:413)
	at com.eviware.soapui.impl.wsdl.WsdlProject.<init>(WsdlProject.java:226)
	at com.eviware.soapui.impl.wsdl.WsdlProjectFactory.createNew(WsdlProjectFactory.java:62)
	at com.eviware.soapui.impl.wsdl.WsdlProjectFactory.createNew(WsdlProjectFactory.java:24)
	at com.eviware.soapui.impl.WorkspaceImpl.loadWorkspace(WorkspaceImpl.java:175)
	at com.eviware.soapui.impl.WorkspaceImpl.<init>(WorkspaceImpl.java:87)
	at com.eviware.soapui.impl.WorkspaceFactoryImpl.openWorkspace(WorkspaceFactoryImpl.java:32)
	at com.eviware.soapui.SoapUI.startSoapUI(SoapUI.java:770)
	at com.eviware.soapui.SoapUI$SoapUIRunner.run(SoapUI.java:624)
	at com.eviware.soapui.SoapUI.main(SoapUI.java:720)
