/*C26*/SET SCHEMA PUBLIC
DISCONNECT
/*C28*/SET SCHEMA PUBLIC
DISCONNECT
/*C29*/SET SCHEMA PUBLIC
DELETE FROM PLAYER_MATCH_STATS_LINK WHERE PLAYER_MATCH_STATS_ID=1 AND STATS_ID=1
DELETE FROM PLAYER_MATCH_STATS_LINK WHERE PLAYER_MATCH_STATS_ID=1 AND STATS_ID=2
DELETE FROM PLAYER_MATCH_STATS_LINK WHERE PLAYER_MATCH_STATS_ID=1 AND STATS_ID=3
DELETE FROM PLAYER_MATCH_STATS_LINK WHERE PLAYER_MATCH_STATS_ID=1 AND STATS_ID=4
COMMIT
DELETE FROM STATS WHERE ID=1
DELETE FROM STATS WHERE ID=2
DELETE FROM STATS WHERE ID=3
DELETE FROM STATS WHERE ID=4
COMMIT
DELETE FROM PLAYER_MATCH_STATS WHERE ID=1
COMMIT
DELETE FROM TEAM_MATCH_STATS WHERE ID=1
COMMIT
DELETE FROM MATCH WHERE ID=1
COMMIT
DELETE FROM TEAM WHERE ID=1
DELETE FROM TEAM WHERE ID=2
DELETE FROM TEAM WHERE ID=3
DELETE FROM TEAM WHERE ID=4
DELETE FROM TEAM WHERE ID=5
DELETE FROM TEAM WHERE ID=6
DELETE FROM TEAM WHERE ID=7
DELETE FROM TEAM WHERE ID=8
DELETE FROM TEAM WHERE ID=9
DELETE FROM TEAM WHERE ID=10
COMMIT
DELETE FROM PLAYER_CLUB_LINK WHERE PLAYER_ID=1 AND CLUB_ID=1
DELETE FROM PLAYER_CLUB_LINK WHERE PLAYER_ID=2 AND CLUB_ID=1
DELETE FROM PLAYER_CLUB_LINK WHERE PLAYER_ID=2 AND CLUB_ID=2
DELETE FROM PLAYER_CLUB_LINK WHERE PLAYER_ID=3 AND CLUB_ID=3
DELETE FROM PLAYER_CLUB_LINK WHERE PLAYER_ID=4 AND CLUB_ID=1
DELETE FROM PLAYER_CLUB_LINK WHERE PLAYER_ID=4 AND CLUB_ID=2
DELETE FROM PLAYER_CLUB_LINK WHERE PLAYER_ID=4 AND CLUB_ID=4
COMMIT
DELETE FROM PLAYER WHERE ID=1
DELETE FROM PLAYER WHERE ID=2
DELETE FROM PLAYER WHERE ID=3
DELETE FROM PLAYER WHERE ID=4
COMMIT
DELETE FROM CLUB WHERE ID=1
DELETE FROM CLUB WHERE ID=2
DELETE FROM CLUB WHERE ID=3
DELETE FROM CLUB WHERE ID=4
COMMIT
DELETE FROM SA_USER WHERE ID=1
DELETE FROM SA_USER WHERE ID=2
COMMIT
alter sequence ID_SEQ restart with 1000
INSERT INTO SA_USER VALUES(1,0,'dmackenz1981@gmail.com')
COMMIT
INSERT INTO SA_USER VALUES(2,0,'mkeanie11@gmail.com')
COMMIT
INSERT INTO CLUB VALUES(1,0,'OHAFC')
COMMIT
INSERT INTO CLUB VALUES(2,0,'St Kilda')
COMMIT
INSERT INTO CLUB VALUES(3,0,'Geelong')
COMMIT
INSERT INTO CLUB VALUES(4,0,'OMs')
COMMIT
INSERT INTO PLAYER VALUES(1,0,'dmack',NULL,1)
COMMIT
INSERT INTO PLAYER VALUES(2,0,'browny',NULL,1)
COMMIT
INSERT INTO PLAYER VALUES(3,0,'abomb',NULL,3)
COMMIT
INSERT INTO PLAYER VALUES(4,0,'fitzy',NULL,1)
COMMIT
INSERT INTO PLAYER_CLUB_LINK VALUES(1,1)
COMMIT
INSERT INTO PLAYER_CLUB_LINK VALUES(2,2)
COMMIT
INSERT INTO PLAYER_CLUB_LINK VALUES(2,1)
COMMIT
INSERT INTO PLAYER_CLUB_LINK VALUES(3,3)
COMMIT
INSERT INTO PLAYER_CLUB_LINK VALUES(4,2)
COMMIT
INSERT INTO PLAYER_CLUB_LINK VALUES(4,4)
COMMIT
INSERT INTO PLAYER_CLUB_LINK VALUES(4,1)
COMMIT
INSERT INTO TEAM VALUES(1,0,'SENIORS',1)
COMMIT
INSERT INTO TEAM VALUES(2,0,'RESERVES',1)
COMMIT
INSERT INTO TEAM VALUES(3,0,'U19s',1)
COMMIT
INSERT INTO TEAM VALUES(4,0,'SENIORS',2)
COMMIT
INSERT INTO TEAM VALUES(5,0,'RESERVES',2)
COMMIT
INSERT INTO TEAM VALUES(6,0,'SENIORS',3)
COMMIT
INSERT INTO TEAM VALUES(7,0,'RESERVES',3)
COMMIT
INSERT INTO TEAM VALUES(8,0,'SENIORS',4)
COMMIT
INSERT INTO TEAM VALUES(9,0,'RESERVES',4)
COMMIT
INSERT INTO TEAM VALUES(10,0,'U19s',4)
COMMIT
INSERT INTO MATCH VALUES(1,NULL,'2011-04-09 14:00:00.000000')
COMMIT
INSERT INTO TEAM_MATCH_STATS VALUES(1,0,NULL,NULL,1,1)
COMMIT
DELETE FROM TEAM_MATCH_STATS WHERE ID=1
INSERT INTO TEAM_MATCH_STATS VALUES(1,0,NULL,NULL,1,8)
COMMIT
INSERT INTO STATS VALUES(1,NULL,1,0,2,5,1,1,1)
COMMIT
INSERT INTO STATS VALUES(2,NULL,1,1,6,6,3,2,2)
COMMIT
INSERT INTO STATS VALUES(3,NULL,1,2,3,7,2,3,3)
COMMIT
INSERT INTO STATS VALUES(4,NULL,1,3,4,8,4,4,4)
COMMIT
INSERT INTO PLAYER_MATCH_STATS VALUES(1,0,1,NULL,1)
COMMIT
INSERT INTO PLAYER_MATCH_STATS_LINK VALUES(1,1)
COMMIT
INSERT INTO PLAYER_MATCH_STATS_LINK VALUES(1,2)
COMMIT
INSERT INTO PLAYER_MATCH_STATS_LINK VALUES(1,3)
COMMIT
INSERT INTO PLAYER_MATCH_STATS_LINK VALUES(1,4)
COMMIT
DELETE FROM PLAYER_MATCH_STATS_LINK WHERE PLAYER_MATCH_STATS_ID=1 AND STATS_ID=1
DELETE FROM PLAYER_MATCH_STATS_LINK WHERE PLAYER_MATCH_STATS_ID=1 AND STATS_ID=2
DELETE FROM PLAYER_MATCH_STATS_LINK WHERE PLAYER_MATCH_STATS_ID=1 AND STATS_ID=3
DELETE FROM PLAYER_MATCH_STATS_LINK WHERE PLAYER_MATCH_STATS_ID=1 AND STATS_ID=4
COMMIT
DELETE FROM STATS WHERE ID=1
DELETE FROM STATS WHERE ID=2
DELETE FROM STATS WHERE ID=3
DELETE FROM STATS WHERE ID=4
COMMIT
DELETE FROM PLAYER_MATCH_STATS WHERE ID=1
COMMIT
DELETE FROM TEAM_MATCH_STATS WHERE ID=1
COMMIT
DELETE FROM MATCH WHERE ID=1
COMMIT
DELETE FROM TEAM WHERE ID=1
DELETE FROM TEAM WHERE ID=2
DELETE FROM TEAM WHERE ID=3
DELETE FROM TEAM WHERE ID=4
DELETE FROM TEAM WHERE ID=5
DELETE FROM TEAM WHERE ID=6
DELETE FROM TEAM WHERE ID=7
DELETE FROM TEAM WHERE ID=8
DELETE FROM TEAM WHERE ID=9
DELETE FROM TEAM WHERE ID=10
COMMIT
DELETE FROM PLAYER_CLUB_LINK WHERE PLAYER_ID=1 AND CLUB_ID=1
DELETE FROM PLAYER_CLUB_LINK WHERE PLAYER_ID=2 AND CLUB_ID=1
DELETE FROM PLAYER_CLUB_LINK WHERE PLAYER_ID=2 AND CLUB_ID=2
DELETE FROM PLAYER_CLUB_LINK WHERE PLAYER_ID=3 AND CLUB_ID=3
DELETE FROM PLAYER_CLUB_LINK WHERE PLAYER_ID=4 AND CLUB_ID=1
DELETE FROM PLAYER_CLUB_LINK WHERE PLAYER_ID=4 AND CLUB_ID=2
DELETE FROM PLAYER_CLUB_LINK WHERE PLAYER_ID=4 AND CLUB_ID=4
COMMIT
DELETE FROM PLAYER WHERE ID=1
DELETE FROM PLAYER WHERE ID=2
DELETE FROM PLAYER WHERE ID=3
DELETE FROM PLAYER WHERE ID=4
COMMIT
DELETE FROM CLUB WHERE ID=1
DELETE FROM CLUB WHERE ID=2
DELETE FROM CLUB WHERE ID=3
DELETE FROM CLUB WHERE ID=4
COMMIT
DELETE FROM SA_USER WHERE ID=1
DELETE FROM SA_USER WHERE ID=2
COMMIT
/*C27*/SET SCHEMA PUBLIC
DISCONNECT
/*C29*/alter sequence ID_SEQ restart with 1000
INSERT INTO SA_USER VALUES(1,0,'dmackenz1981@gmail.com')
COMMIT
INSERT INTO SA_USER VALUES(2,0,'mkeanie11@gmail.com')
COMMIT
INSERT INTO CLUB VALUES(1,0,'OHAFC')
COMMIT
INSERT INTO CLUB VALUES(2,0,'St Kilda')
COMMIT
INSERT INTO CLUB VALUES(3,0,'Geelong')
COMMIT
INSERT INTO CLUB VALUES(4,0,'OMs')
COMMIT
INSERT INTO PLAYER VALUES(1,0,'dmack',NULL,1)
COMMIT
INSERT INTO PLAYER VALUES(2,0,'browny',NULL,1)
COMMIT
INSERT INTO PLAYER VALUES(3,0,'abomb',NULL,3)
COMMIT
INSERT INTO PLAYER VALUES(4,0,'fitzy',NULL,1)
COMMIT
INSERT INTO PLAYER_CLUB_LINK VALUES(1,1)
COMMIT
INSERT INTO PLAYER_CLUB_LINK VALUES(2,2)
COMMIT
INSERT INTO PLAYER_CLUB_LINK VALUES(2,1)
COMMIT
INSERT INTO PLAYER_CLUB_LINK VALUES(3,3)
COMMIT
INSERT INTO PLAYER_CLUB_LINK VALUES(4,2)
COMMIT
INSERT INTO PLAYER_CLUB_LINK VALUES(4,4)
COMMIT
INSERT INTO PLAYER_CLUB_LINK VALUES(4,1)
COMMIT
INSERT INTO TEAM VALUES(1,0,'SENIORS',1)
COMMIT
INSERT INTO TEAM VALUES(2,0,'RESERVES',1)
COMMIT
INSERT INTO TEAM VALUES(3,0,'U19s',1)
COMMIT
INSERT INTO TEAM VALUES(4,0,'SENIORS',2)
COMMIT
INSERT INTO TEAM VALUES(5,0,'RESERVES',2)
COMMIT
INSERT INTO TEAM VALUES(6,0,'SENIORS',3)
COMMIT
INSERT INTO TEAM VALUES(7,0,'RESERVES',3)
COMMIT
INSERT INTO TEAM VALUES(8,0,'SENIORS',4)
COMMIT
INSERT INTO TEAM VALUES(9,0,'RESERVES',4)
COMMIT
INSERT INTO TEAM VALUES(10,0,'U19s',4)
COMMIT
INSERT INTO MATCH VALUES(1,NULL,'2011-04-09 14:00:00.000000')
COMMIT
INSERT INTO TEAM_MATCH_STATS VALUES(1,0,NULL,NULL,1,1)
COMMIT
DELETE FROM TEAM_MATCH_STATS WHERE ID=1
INSERT INTO TEAM_MATCH_STATS VALUES(1,0,NULL,NULL,1,8)
COMMIT
INSERT INTO STATS VALUES(1,NULL,1,0,2,5,1,1,1)
COMMIT
INSERT INTO STATS VALUES(2,NULL,1,1,6,6,3,2,2)
COMMIT
INSERT INTO STATS VALUES(3,NULL,1,2,3,7,2,3,3)
COMMIT
INSERT INTO STATS VALUES(4,NULL,1,3,4,8,4,4,4)
COMMIT
INSERT INTO PLAYER_MATCH_STATS VALUES(1,0,1,NULL,1)
COMMIT
INSERT INTO PLAYER_MATCH_STATS_LINK VALUES(1,1)
COMMIT
INSERT INTO PLAYER_MATCH_STATS_LINK VALUES(1,2)
COMMIT
INSERT INTO PLAYER_MATCH_STATS_LINK VALUES(1,3)
COMMIT
INSERT INTO PLAYER_MATCH_STATS_LINK VALUES(1,4)
COMMIT
/*C30*/SET SCHEMA PUBLIC
DISCONNECT
/*C31*/SET SCHEMA PUBLIC
DELETE FROM PLAYER_MATCH_STATS_LINK WHERE PLAYER_MATCH_STATS_ID=1 AND STATS_ID=1
DELETE FROM PLAYER_MATCH_STATS_LINK WHERE PLAYER_MATCH_STATS_ID=1 AND STATS_ID=2
DELETE FROM PLAYER_MATCH_STATS_LINK WHERE PLAYER_MATCH_STATS_ID=1 AND STATS_ID=3
DELETE FROM PLAYER_MATCH_STATS_LINK WHERE PLAYER_MATCH_STATS_ID=1 AND STATS_ID=4
COMMIT
DELETE FROM STATS WHERE ID=1
DELETE FROM STATS WHERE ID=2
DELETE FROM STATS WHERE ID=3
DELETE FROM STATS WHERE ID=4
COMMIT
DELETE FROM PLAYER_MATCH_STATS WHERE ID=1
COMMIT
DELETE FROM TEAM_MATCH_STATS WHERE ID=1
COMMIT
DELETE FROM MATCH WHERE ID=1
COMMIT
DELETE FROM TEAM WHERE ID=1
DELETE FROM TEAM WHERE ID=2
DELETE FROM TEAM WHERE ID=3
DELETE FROM TEAM WHERE ID=4
DELETE FROM TEAM WHERE ID=5
DELETE FROM TEAM WHERE ID=6
DELETE FROM TEAM WHERE ID=7
DELETE FROM TEAM WHERE ID=8
DELETE FROM TEAM WHERE ID=9
DELETE FROM TEAM WHERE ID=10
COMMIT
DELETE FROM PLAYER_CLUB_LINK WHERE PLAYER_ID=1 AND CLUB_ID=1
DELETE FROM PLAYER_CLUB_LINK WHERE PLAYER_ID=2 AND CLUB_ID=1
DELETE FROM PLAYER_CLUB_LINK WHERE PLAYER_ID=2 AND CLUB_ID=2
DELETE FROM PLAYER_CLUB_LINK WHERE PLAYER_ID=3 AND CLUB_ID=3
DELETE FROM PLAYER_CLUB_LINK WHERE PLAYER_ID=4 AND CLUB_ID=1
DELETE FROM PLAYER_CLUB_LINK WHERE PLAYER_ID=4 AND CLUB_ID=2
DELETE FROM PLAYER_CLUB_LINK WHERE PLAYER_ID=4 AND CLUB_ID=4
COMMIT
DELETE FROM PLAYER WHERE ID=1
DELETE FROM PLAYER WHERE ID=2
DELETE FROM PLAYER WHERE ID=3
DELETE FROM PLAYER WHERE ID=4
COMMIT
DELETE FROM CLUB WHERE ID=1
DELETE FROM CLUB WHERE ID=2
DELETE FROM CLUB WHERE ID=3
DELETE FROM CLUB WHERE ID=4
COMMIT
DELETE FROM SA_USER WHERE ID=1
DELETE FROM SA_USER WHERE ID=2
COMMIT
alter sequence ID_SEQ restart with 1000
INSERT INTO SA_USER VALUES(1,0,'dmackenz1981@gmail.com')
COMMIT
INSERT INTO SA_USER VALUES(2,0,'mkeanie11@gmail.com')
COMMIT
INSERT INTO CLUB VALUES(1,0,'OHAFC')
COMMIT
INSERT INTO CLUB VALUES(2,0,'St Kilda')
COMMIT
INSERT INTO CLUB VALUES(3,0,'Geelong')
COMMIT
INSERT INTO CLUB VALUES(4,0,'OMs')
COMMIT
INSERT INTO PLAYER VALUES(1,0,'dmack',NULL,1)
COMMIT
INSERT INTO PLAYER VALUES(2,0,'browny',NULL,1)
COMMIT
INSERT INTO PLAYER VALUES(3,0,'abomb',NULL,3)
COMMIT
INSERT INTO PLAYER VALUES(4,0,'fitzy',NULL,1)
COMMIT
INSERT INTO PLAYER_CLUB_LINK VALUES(1,1)
COMMIT
INSERT INTO PLAYER_CLUB_LINK VALUES(2,2)
COMMIT
INSERT INTO PLAYER_CLUB_LINK VALUES(2,1)
COMMIT
INSERT INTO PLAYER_CLUB_LINK VALUES(3,3)
COMMIT
INSERT INTO PLAYER_CLUB_LINK VALUES(4,2)
COMMIT
INSERT INTO PLAYER_CLUB_LINK VALUES(4,4)
COMMIT
INSERT INTO PLAYER_CLUB_LINK VALUES(4,1)
COMMIT
INSERT INTO TEAM VALUES(1,0,'SENIORS',1)
COMMIT
INSERT INTO TEAM VALUES(2,0,'RESERVES',1)
COMMIT
INSERT INTO TEAM VALUES(3,0,'U19s',1)
COMMIT
INSERT INTO TEAM VALUES(4,0,'SENIORS',2)
COMMIT
INSERT INTO TEAM VALUES(5,0,'RESERVES',2)
COMMIT
INSERT INTO TEAM VALUES(6,0,'SENIORS',3)
COMMIT
INSERT INTO TEAM VALUES(7,0,'RESERVES',3)
COMMIT
INSERT INTO TEAM VALUES(8,0,'SENIORS',4)
COMMIT
INSERT INTO TEAM VALUES(9,0,'RESERVES',4)
COMMIT
INSERT INTO TEAM VALUES(10,0,'U19s',4)
COMMIT
INSERT INTO MATCH VALUES(1,NULL,'2011-04-09 14:00:00.000000')
COMMIT
INSERT INTO TEAM_MATCH_STATS VALUES(1,0,NULL,NULL,1,1)
COMMIT
DELETE FROM TEAM_MATCH_STATS WHERE ID=1
INSERT INTO TEAM_MATCH_STATS VALUES(1,0,NULL,NULL,1,8)
COMMIT
INSERT INTO STATS VALUES(1,NULL,1,0,2,5,1,1,1)
COMMIT
INSERT INTO STATS VALUES(2,NULL,1,1,6,6,3,2,2)
COMMIT
INSERT INTO STATS VALUES(3,NULL,1,2,3,7,2,3,3)
COMMIT
INSERT INTO STATS VALUES(4,NULL,1,3,4,8,4,4,4)
COMMIT
INSERT INTO PLAYER_MATCH_STATS VALUES(1,0,1,NULL,1)
COMMIT
INSERT INTO PLAYER_MATCH_STATS_LINK VALUES(1,1)
COMMIT
INSERT INTO PLAYER_MATCH_STATS_LINK VALUES(1,2)
COMMIT
INSERT INTO PLAYER_MATCH_STATS_LINK VALUES(1,3)
COMMIT
INSERT INTO PLAYER_MATCH_STATS_LINK VALUES(1,4)
COMMIT
/*C32*/SET SCHEMA PUBLIC
DELETE FROM PLAYER_MATCH_STATS_LINK WHERE PLAYER_MATCH_STATS_ID=1 AND STATS_ID=1
DELETE FROM PLAYER_MATCH_STATS_LINK WHERE PLAYER_MATCH_STATS_ID=1 AND STATS_ID=2
DELETE FROM PLAYER_MATCH_STATS_LINK WHERE PLAYER_MATCH_STATS_ID=1 AND STATS_ID=3
DELETE FROM PLAYER_MATCH_STATS_LINK WHERE PLAYER_MATCH_STATS_ID=1 AND STATS_ID=4
COMMIT
DELETE FROM STATS WHERE ID=1
DELETE FROM STATS WHERE ID=2
DELETE FROM STATS WHERE ID=3
DELETE FROM STATS WHERE ID=4
COMMIT
DELETE FROM PLAYER_MATCH_STATS WHERE ID=1
COMMIT
DELETE FROM TEAM_MATCH_STATS WHERE ID=1
COMMIT
DELETE FROM MATCH WHERE ID=1
COMMIT
DELETE FROM TEAM WHERE ID=1
DELETE FROM TEAM WHERE ID=2
DELETE FROM TEAM WHERE ID=3
DELETE FROM TEAM WHERE ID=4
DELETE FROM TEAM WHERE ID=5
DELETE FROM TEAM WHERE ID=6
DELETE FROM TEAM WHERE ID=7
DELETE FROM TEAM WHERE ID=8
DELETE FROM TEAM WHERE ID=9
DELETE FROM TEAM WHERE ID=10
COMMIT
DELETE FROM PLAYER_CLUB_LINK WHERE PLAYER_ID=1 AND CLUB_ID=1
DELETE FROM PLAYER_CLUB_LINK WHERE PLAYER_ID=2 AND CLUB_ID=1
DELETE FROM PLAYER_CLUB_LINK WHERE PLAYER_ID=2 AND CLUB_ID=2
DELETE FROM PLAYER_CLUB_LINK WHERE PLAYER_ID=3 AND CLUB_ID=3
DELETE FROM PLAYER_CLUB_LINK WHERE PLAYER_ID=4 AND CLUB_ID=1
DELETE FROM PLAYER_CLUB_LINK WHERE PLAYER_ID=4 AND CLUB_ID=2
DELETE FROM PLAYER_CLUB_LINK WHERE PLAYER_ID=4 AND CLUB_ID=4
COMMIT
DELETE FROM PLAYER WHERE ID=1
DELETE FROM PLAYER WHERE ID=2
DELETE FROM PLAYER WHERE ID=3
DELETE FROM PLAYER WHERE ID=4
COMMIT
DELETE FROM CLUB WHERE ID=1
DELETE FROM CLUB WHERE ID=2
DELETE FROM CLUB WHERE ID=3
DELETE FROM CLUB WHERE ID=4
COMMIT
DELETE FROM SA_USER WHERE ID=1
DELETE FROM SA_USER WHERE ID=2
COMMIT
alter sequence ID_SEQ restart with 1000
INSERT INTO SA_USER VALUES(1,0,'dmackenz1981@gmail.com')
COMMIT
INSERT INTO SA_USER VALUES(2,0,'mkeanie11@gmail.com')
COMMIT
INSERT INTO CLUB VALUES(1,0,'OHAFC')
COMMIT
INSERT INTO CLUB VALUES(2,0,'St Kilda')
COMMIT
INSERT INTO CLUB VALUES(3,0,'Geelong')
COMMIT
INSERT INTO CLUB VALUES(4,0,'OMs')
COMMIT
INSERT INTO PLAYER VALUES(1,0,'dmack',NULL,1)
COMMIT
INSERT INTO PLAYER VALUES(2,0,'browny',NULL,1)
COMMIT
INSERT INTO PLAYER VALUES(3,0,'abomb',NULL,3)
COMMIT
INSERT INTO PLAYER VALUES(4,0,'fitzy',NULL,1)
COMMIT
INSERT INTO PLAYER_CLUB_LINK VALUES(1,1)
COMMIT
INSERT INTO PLAYER_CLUB_LINK VALUES(2,2)
COMMIT
INSERT INTO PLAYER_CLUB_LINK VALUES(2,1)
COMMIT
INSERT INTO PLAYER_CLUB_LINK VALUES(3,3)
COMMIT
INSERT INTO PLAYER_CLUB_LINK VALUES(4,2)
COMMIT
INSERT INTO PLAYER_CLUB_LINK VALUES(4,4)
COMMIT
INSERT INTO PLAYER_CLUB_LINK VALUES(4,1)
COMMIT
INSERT INTO TEAM VALUES(1,0,'SENIORS',1)
COMMIT
INSERT INTO TEAM VALUES(2,0,'RESERVES',1)
COMMIT
INSERT INTO TEAM VALUES(3,0,'U19s',1)
COMMIT
INSERT INTO TEAM VALUES(4,0,'SENIORS',2)
COMMIT
INSERT INTO TEAM VALUES(5,0,'RESERVES',2)
COMMIT
INSERT INTO TEAM VALUES(6,0,'SENIORS',3)
COMMIT
INSERT INTO TEAM VALUES(7,0,'RESERVES',3)
COMMIT
INSERT INTO TEAM VALUES(8,0,'SENIORS',4)
COMMIT
INSERT INTO TEAM VALUES(9,0,'RESERVES',4)
COMMIT
INSERT INTO TEAM VALUES(10,0,'U19s',4)
COMMIT
INSERT INTO MATCH VALUES(1,NULL,'2011-04-09 14:00:00.000000')
COMMIT
INSERT INTO TEAM_MATCH_STATS VALUES(1,0,NULL,NULL,1,1)
COMMIT
DELETE FROM TEAM_MATCH_STATS WHERE ID=1
INSERT INTO TEAM_MATCH_STATS VALUES(1,0,NULL,NULL,1,8)
COMMIT
INSERT INTO STATS VALUES(1,NULL,1,0,2,5,1,1,1)
COMMIT
INSERT INTO STATS VALUES(2,NULL,1,1,6,6,3,2,2)
COMMIT
INSERT INTO STATS VALUES(3,NULL,1,2,3,7,2,3,3)
COMMIT
INSERT INTO STATS VALUES(4,NULL,1,3,4,8,4,4,4)
COMMIT
INSERT INTO PLAYER_MATCH_STATS VALUES(1,0,1,NULL,1)
COMMIT
INSERT INTO PLAYER_MATCH_STATS_LINK VALUES(1,1)
COMMIT
INSERT INTO PLAYER_MATCH_STATS_LINK VALUES(1,2)
COMMIT
INSERT INTO PLAYER_MATCH_STATS_LINK VALUES(1,3)
COMMIT
INSERT INTO PLAYER_MATCH_STATS_LINK VALUES(1,4)
COMMIT
/*C31*/ROLLBACK
/*C29*/DISCONNECT
/*C31*/DISCONNECT
/*C32*/DISCONNECT
/*C33*/SET SCHEMA PUBLIC
DISCONNECT
/*C34*/SET SCHEMA PUBLIC
DELETE FROM PLAYER_MATCH_STATS_LINK WHERE PLAYER_MATCH_STATS_ID=1 AND STATS_ID=1
DELETE FROM PLAYER_MATCH_STATS_LINK WHERE PLAYER_MATCH_STATS_ID=1 AND STATS_ID=2
DELETE FROM PLAYER_MATCH_STATS_LINK WHERE PLAYER_MATCH_STATS_ID=1 AND STATS_ID=3
DELETE FROM PLAYER_MATCH_STATS_LINK WHERE PLAYER_MATCH_STATS_ID=1 AND STATS_ID=4
COMMIT
DELETE FROM STATS WHERE ID=1
DELETE FROM STATS WHERE ID=2
DELETE FROM STATS WHERE ID=3
DELETE FROM STATS WHERE ID=4
COMMIT
DELETE FROM PLAYER_MATCH_STATS WHERE ID=1
COMMIT
DELETE FROM TEAM_MATCH_STATS WHERE ID=1
COMMIT
DELETE FROM MATCH WHERE ID=1
COMMIT
DELETE FROM TEAM WHERE ID=1
DELETE FROM TEAM WHERE ID=2
DELETE FROM TEAM WHERE ID=3
DELETE FROM TEAM WHERE ID=4
DELETE FROM TEAM WHERE ID=5
DELETE FROM TEAM WHERE ID=6
DELETE FROM TEAM WHERE ID=7
DELETE FROM TEAM WHERE ID=8
DELETE FROM TEAM WHERE ID=9
DELETE FROM TEAM WHERE ID=10
COMMIT
DELETE FROM PLAYER_CLUB_LINK WHERE PLAYER_ID=1 AND CLUB_ID=1
DELETE FROM PLAYER_CLUB_LINK WHERE PLAYER_ID=2 AND CLUB_ID=1
DELETE FROM PLAYER_CLUB_LINK WHERE PLAYER_ID=2 AND CLUB_ID=2
DELETE FROM PLAYER_CLUB_LINK WHERE PLAYER_ID=3 AND CLUB_ID=3
DELETE FROM PLAYER_CLUB_LINK WHERE PLAYER_ID=4 AND CLUB_ID=1
DELETE FROM PLAYER_CLUB_LINK WHERE PLAYER_ID=4 AND CLUB_ID=2
DELETE FROM PLAYER_CLUB_LINK WHERE PLAYER_ID=4 AND CLUB_ID=4
COMMIT
DELETE FROM PLAYER WHERE ID=1
DELETE FROM PLAYER WHERE ID=2
DELETE FROM PLAYER WHERE ID=3
DELETE FROM PLAYER WHERE ID=4
COMMIT
DELETE FROM CLUB WHERE ID=1
DELETE FROM CLUB WHERE ID=2
DELETE FROM CLUB WHERE ID=3
DELETE FROM CLUB WHERE ID=4
COMMIT
DELETE FROM SA_USER WHERE ID=1
DELETE FROM SA_USER WHERE ID=2
COMMIT
alter sequence ID_SEQ restart with 1000
INSERT INTO SA_USER VALUES(1,0,'dmackenz1981@gmail.com')
COMMIT
INSERT INTO SA_USER VALUES(2,0,'mkeanie11@gmail.com')
COMMIT
INSERT INTO CLUB VALUES(1,0,'OHAFC')
COMMIT
INSERT INTO CLUB VALUES(2,0,'St Kilda')
COMMIT
INSERT INTO CLUB VALUES(3,0,'Geelong')
COMMIT
INSERT INTO CLUB VALUES(4,0,'OMs')
COMMIT
INSERT INTO PLAYER VALUES(1,0,'dmack',NULL,1)
COMMIT
INSERT INTO PLAYER VALUES(2,0,'browny',NULL,1)
COMMIT
INSERT INTO PLAYER VALUES(3,0,'abomb',NULL,3)
COMMIT
INSERT INTO PLAYER VALUES(4,0,'fitzy',NULL,1)
COMMIT
INSERT INTO PLAYER_CLUB_LINK VALUES(1,1)
COMMIT
INSERT INTO PLAYER_CLUB_LINK VALUES(2,2)
COMMIT
INSERT INTO PLAYER_CLUB_LINK VALUES(2,1)
COMMIT
INSERT INTO PLAYER_CLUB_LINK VALUES(3,3)
COMMIT
INSERT INTO PLAYER_CLUB_LINK VALUES(4,2)
COMMIT
INSERT INTO PLAYER_CLUB_LINK VALUES(4,4)
COMMIT
INSERT INTO PLAYER_CLUB_LINK VALUES(4,1)
COMMIT
INSERT INTO TEAM VALUES(1,0,'SENIORS',1)
COMMIT
INSERT INTO TEAM VALUES(2,0,'RESERVES',1)
COMMIT
INSERT INTO TEAM VALUES(3,0,'U19s',1)
COMMIT
INSERT INTO TEAM VALUES(4,0,'SENIORS',2)
COMMIT
INSERT INTO TEAM VALUES(5,0,'RESERVES',2)
COMMIT
INSERT INTO TEAM VALUES(6,0,'SENIORS',3)
COMMIT
INSERT INTO TEAM VALUES(7,0,'RESERVES',3)
COMMIT
INSERT INTO TEAM VALUES(8,0,'SENIORS',4)
COMMIT
INSERT INTO TEAM VALUES(9,0,'RESERVES',4)
COMMIT
INSERT INTO TEAM VALUES(10,0,'U19s',4)
COMMIT
INSERT INTO MATCH VALUES(1,NULL,'2011-04-09 14:00:00.000000')
COMMIT
INSERT INTO TEAM_MATCH_STATS VALUES(1,0,NULL,NULL,1,1)
COMMIT
DELETE FROM TEAM_MATCH_STATS WHERE ID=1
INSERT INTO TEAM_MATCH_STATS VALUES(1,0,NULL,NULL,1,8)
COMMIT
INSERT INTO STATS VALUES(1,NULL,1,0,2,5,1,1,1)
COMMIT
INSERT INTO STATS VALUES(2,NULL,1,1,6,6,3,2,2)
COMMIT
INSERT INTO STATS VALUES(3,NULL,1,2,3,7,2,3,3)
COMMIT
INSERT INTO STATS VALUES(4,NULL,1,3,4,8,4,4,4)
COMMIT
INSERT INTO PLAYER_MATCH_STATS VALUES(1,0,1,NULL,1)
COMMIT
INSERT INTO PLAYER_MATCH_STATS_LINK VALUES(1,1)
COMMIT
INSERT INTO PLAYER_MATCH_STATS_LINK VALUES(1,2)
COMMIT
INSERT INTO PLAYER_MATCH_STATS_LINK VALUES(1,3)
COMMIT
INSERT INTO PLAYER_MATCH_STATS_LINK VALUES(1,4)
COMMIT
/*C35*/SET SCHEMA PUBLIC
DISCONNECT
/*C36*/SET SCHEMA PUBLIC
DELETE FROM PLAYER_MATCH_STATS_LINK WHERE PLAYER_MATCH_STATS_ID=1 AND STATS_ID=1
DELETE FROM PLAYER_MATCH_STATS_LINK WHERE PLAYER_MATCH_STATS_ID=1 AND STATS_ID=2
DELETE FROM PLAYER_MATCH_STATS_LINK WHERE PLAYER_MATCH_STATS_ID=1 AND STATS_ID=3
DELETE FROM PLAYER_MATCH_STATS_LINK WHERE PLAYER_MATCH_STATS_ID=1 AND STATS_ID=4
COMMIT
DELETE FROM STATS WHERE ID=1
DELETE FROM STATS WHERE ID=2
DELETE FROM STATS WHERE ID=3
DELETE FROM STATS WHERE ID=4
COMMIT
DELETE FROM PLAYER_MATCH_STATS WHERE ID=1
COMMIT
DELETE FROM TEAM_MATCH_STATS WHERE ID=1
COMMIT
DELETE FROM MATCH WHERE ID=1
COMMIT
DELETE FROM TEAM WHERE ID=1
DELETE FROM TEAM WHERE ID=2
DELETE FROM TEAM WHERE ID=3
DELETE FROM TEAM WHERE ID=4
DELETE FROM TEAM WHERE ID=5
DELETE FROM TEAM WHERE ID=6
DELETE FROM TEAM WHERE ID=7
DELETE FROM TEAM WHERE ID=8
DELETE FROM TEAM WHERE ID=9
DELETE FROM TEAM WHERE ID=10
COMMIT
DELETE FROM PLAYER_CLUB_LINK WHERE PLAYER_ID=1 AND CLUB_ID=1
DELETE FROM PLAYER_CLUB_LINK WHERE PLAYER_ID=2 AND CLUB_ID=1
DELETE FROM PLAYER_CLUB_LINK WHERE PLAYER_ID=2 AND CLUB_ID=2
DELETE FROM PLAYER_CLUB_LINK WHERE PLAYER_ID=3 AND CLUB_ID=3
DELETE FROM PLAYER_CLUB_LINK WHERE PLAYER_ID=4 AND CLUB_ID=1
DELETE FROM PLAYER_CLUB_LINK WHERE PLAYER_ID=4 AND CLUB_ID=2
DELETE FROM PLAYER_CLUB_LINK WHERE PLAYER_ID=4 AND CLUB_ID=4
COMMIT
DELETE FROM PLAYER WHERE ID=1
DELETE FROM PLAYER WHERE ID=2
DELETE FROM PLAYER WHERE ID=3
DELETE FROM PLAYER WHERE ID=4
COMMIT
DELETE FROM CLUB WHERE ID=1
DELETE FROM CLUB WHERE ID=2
DELETE FROM CLUB WHERE ID=3
DELETE FROM CLUB WHERE ID=4
COMMIT
DELETE FROM SA_USER WHERE ID=1
DELETE FROM SA_USER WHERE ID=2
COMMIT
alter sequence ID_SEQ restart with 1000
INSERT INTO SA_USER VALUES(1,0,'dmackenz1981@gmail.com')
COMMIT
INSERT INTO SA_USER VALUES(2,0,'mkeanie11@gmail.com')
COMMIT
INSERT INTO CLUB VALUES(1,0,'OHAFC')
COMMIT
INSERT INTO CLUB VALUES(2,0,'St Kilda')
COMMIT
INSERT INTO CLUB VALUES(3,0,'Geelong')
COMMIT
INSERT INTO CLUB VALUES(4,0,'OMs')
COMMIT
INSERT INTO PLAYER VALUES(1,0,'dmack',NULL,1)
COMMIT
INSERT INTO PLAYER VALUES(2,0,'browny',NULL,1)
COMMIT
INSERT INTO PLAYER VALUES(3,0,'abomb',NULL,3)
COMMIT
INSERT INTO PLAYER VALUES(4,0,'fitzy',NULL,1)
COMMIT
INSERT INTO PLAYER_CLUB_LINK VALUES(1,1)
COMMIT
INSERT INTO PLAYER_CLUB_LINK VALUES(2,2)
COMMIT
INSERT INTO PLAYER_CLUB_LINK VALUES(2,1)
COMMIT
INSERT INTO PLAYER_CLUB_LINK VALUES(3,3)
COMMIT
INSERT INTO PLAYER_CLUB_LINK VALUES(4,2)
COMMIT
INSERT INTO PLAYER_CLUB_LINK VALUES(4,4)
COMMIT
INSERT INTO PLAYER_CLUB_LINK VALUES(4,1)
COMMIT
INSERT INTO TEAM VALUES(1,0,'SENIORS',1)
COMMIT
INSERT INTO TEAM VALUES(2,0,'RESERVES',1)
COMMIT
INSERT INTO TEAM VALUES(3,0,'U19s',1)
COMMIT
INSERT INTO TEAM VALUES(4,0,'SENIORS',2)
COMMIT
INSERT INTO TEAM VALUES(5,0,'RESERVES',2)
COMMIT
INSERT INTO TEAM VALUES(6,0,'SENIORS',3)
COMMIT
INSERT INTO TEAM VALUES(7,0,'RESERVES',3)
COMMIT
INSERT INTO TEAM VALUES(8,0,'SENIORS',4)
COMMIT
INSERT INTO TEAM VALUES(9,0,'RESERVES',4)
COMMIT
INSERT INTO TEAM VALUES(10,0,'U19s',4)
COMMIT
INSERT INTO MATCH VALUES(1,NULL,'2011-04-09 14:00:00.000000')
COMMIT
INSERT INTO TEAM_MATCH_STATS VALUES(1,0,NULL,NULL,1,1)
COMMIT
DELETE FROM TEAM_MATCH_STATS WHERE ID=1
INSERT INTO TEAM_MATCH_STATS VALUES(1,0,NULL,NULL,1,8)
COMMIT
INSERT INTO STATS VALUES(1,NULL,1,0,2,5,1,1,1)
COMMIT
INSERT INTO STATS VALUES(2,NULL,1,1,6,6,3,2,2)
COMMIT
INSERT INTO STATS VALUES(3,NULL,1,2,3,7,2,3,3)
COMMIT
INSERT INTO STATS VALUES(4,NULL,1,3,4,8,4,4,4)
COMMIT
INSERT INTO PLAYER_MATCH_STATS VALUES(1,0,1,NULL,1)
COMMIT
INSERT INTO PLAYER_MATCH_STATS_LINK VALUES(1,1)
COMMIT
INSERT INTO PLAYER_MATCH_STATS_LINK VALUES(1,2)
COMMIT
INSERT INTO PLAYER_MATCH_STATS_LINK VALUES(1,3)
COMMIT
INSERT INTO PLAYER_MATCH_STATS_LINK VALUES(1,4)
COMMIT
/*C37*/SET SCHEMA PUBLIC
DELETE FROM PLAYER_MATCH_STATS_LINK WHERE PLAYER_MATCH_STATS_ID=1 AND STATS_ID=1
DELETE FROM PLAYER_MATCH_STATS_LINK WHERE PLAYER_MATCH_STATS_ID=1 AND STATS_ID=2
DELETE FROM PLAYER_MATCH_STATS_LINK WHERE PLAYER_MATCH_STATS_ID=1 AND STATS_ID=3
DELETE FROM PLAYER_MATCH_STATS_LINK WHERE PLAYER_MATCH_STATS_ID=1 AND STATS_ID=4
COMMIT
DELETE FROM STATS WHERE ID=1
DELETE FROM STATS WHERE ID=2
DELETE FROM STATS WHERE ID=3
DELETE FROM STATS WHERE ID=4
COMMIT
DELETE FROM PLAYER_MATCH_STATS WHERE ID=1
COMMIT
DELETE FROM TEAM_MATCH_STATS WHERE ID=1
COMMIT
DELETE FROM MATCH WHERE ID=1
COMMIT
DELETE FROM TEAM WHERE ID=1
DELETE FROM TEAM WHERE ID=2
DELETE FROM TEAM WHERE ID=3
DELETE FROM TEAM WHERE ID=4
DELETE FROM TEAM WHERE ID=5
DELETE FROM TEAM WHERE ID=6
DELETE FROM TEAM WHERE ID=7
DELETE FROM TEAM WHERE ID=8
DELETE FROM TEAM WHERE ID=9
DELETE FROM TEAM WHERE ID=10
COMMIT
DELETE FROM PLAYER_CLUB_LINK WHERE PLAYER_ID=1 AND CLUB_ID=1
DELETE FROM PLAYER_CLUB_LINK WHERE PLAYER_ID=2 AND CLUB_ID=1
DELETE FROM PLAYER_CLUB_LINK WHERE PLAYER_ID=2 AND CLUB_ID=2
DELETE FROM PLAYER_CLUB_LINK WHERE PLAYER_ID=3 AND CLUB_ID=3
DELETE FROM PLAYER_CLUB_LINK WHERE PLAYER_ID=4 AND CLUB_ID=1
DELETE FROM PLAYER_CLUB_LINK WHERE PLAYER_ID=4 AND CLUB_ID=2
DELETE FROM PLAYER_CLUB_LINK WHERE PLAYER_ID=4 AND CLUB_ID=4
COMMIT
DELETE FROM PLAYER WHERE ID=1
DELETE FROM PLAYER WHERE ID=2
DELETE FROM PLAYER WHERE ID=3
DELETE FROM PLAYER WHERE ID=4
COMMIT
DELETE FROM CLUB WHERE ID=1
DELETE FROM CLUB WHERE ID=2
DELETE FROM CLUB WHERE ID=3
DELETE FROM CLUB WHERE ID=4
COMMIT
DELETE FROM SA_USER WHERE ID=1
DELETE FROM SA_USER WHERE ID=2
COMMIT
alter sequence ID_SEQ restart with 1000
INSERT INTO SA_USER VALUES(1,0,'dmackenz1981@gmail.com')
COMMIT
INSERT INTO SA_USER VALUES(2,0,'mkeanie11@gmail.com')
COMMIT
INSERT INTO CLUB VALUES(1,0,'OHAFC')
COMMIT
INSERT INTO CLUB VALUES(2,0,'St Kilda')
COMMIT
INSERT INTO CLUB VALUES(3,0,'Geelong')
COMMIT
INSERT INTO CLUB VALUES(4,0,'OMs')
COMMIT
INSERT INTO PLAYER VALUES(1,0,'dmack',NULL,1)
COMMIT
INSERT INTO PLAYER VALUES(2,0,'browny',NULL,1)
COMMIT
INSERT INTO PLAYER VALUES(3,0,'abomb',NULL,3)
COMMIT
INSERT INTO PLAYER VALUES(4,0,'fitzy',NULL,1)
COMMIT
INSERT INTO PLAYER_CLUB_LINK VALUES(1,1)
COMMIT
INSERT INTO PLAYER_CLUB_LINK VALUES(2,2)
COMMIT
INSERT INTO PLAYER_CLUB_LINK VALUES(2,1)
COMMIT
INSERT INTO PLAYER_CLUB_LINK VALUES(3,3)
COMMIT
INSERT INTO PLAYER_CLUB_LINK VALUES(4,2)
COMMIT
INSERT INTO PLAYER_CLUB_LINK VALUES(4,4)
COMMIT
INSERT INTO PLAYER_CLUB_LINK VALUES(4,1)
COMMIT
INSERT INTO TEAM VALUES(1,0,'SENIORS',1)
COMMIT
INSERT INTO TEAM VALUES(2,0,'RESERVES',1)
COMMIT
INSERT INTO TEAM VALUES(3,0,'U19s',1)
COMMIT
INSERT INTO TEAM VALUES(4,0,'SENIORS',2)
COMMIT
INSERT INTO TEAM VALUES(5,0,'RESERVES',2)
COMMIT
INSERT INTO TEAM VALUES(6,0,'SENIORS',3)
COMMIT
INSERT INTO TEAM VALUES(7,0,'RESERVES',3)
COMMIT
INSERT INTO TEAM VALUES(8,0,'SENIORS',4)
COMMIT
INSERT INTO TEAM VALUES(9,0,'RESERVES',4)
COMMIT
INSERT INTO TEAM VALUES(10,0,'U19s',4)
COMMIT
INSERT INTO MATCH VALUES(1,NULL,'2011-04-09 14:00:00.000000')
COMMIT
INSERT INTO TEAM_MATCH_STATS VALUES(1,0,NULL,NULL,1,1)
COMMIT
DELETE FROM TEAM_MATCH_STATS WHERE ID=1
INSERT INTO TEAM_MATCH_STATS VALUES(1,0,NULL,NULL,1,8)
COMMIT
INSERT INTO STATS VALUES(1,NULL,1,0,2,5,1,1,1)
COMMIT
INSERT INTO STATS VALUES(2,NULL,1,1,6,6,3,2,2)
COMMIT
INSERT INTO STATS VALUES(3,NULL,1,2,3,7,2,3,3)
COMMIT
INSERT INTO STATS VALUES(4,NULL,1,3,4,8,4,4,4)
COMMIT
INSERT INTO PLAYER_MATCH_STATS VALUES(1,0,1,NULL,1)
COMMIT
INSERT INTO PLAYER_MATCH_STATS_LINK VALUES(1,1)
COMMIT
INSERT INTO PLAYER_MATCH_STATS_LINK VALUES(1,2)
COMMIT
INSERT INTO PLAYER_MATCH_STATS_LINK VALUES(1,3)
COMMIT
INSERT INTO PLAYER_MATCH_STATS_LINK VALUES(1,4)
COMMIT
/*C36*/ROLLBACK
/*C34*/DISCONNECT
/*C36*/DISCONNECT
/*C37*/DISCONNECT
/*C38*/SET SCHEMA PUBLIC
DISCONNECT
/*C40*/SET SCHEMA PUBLIC
DISCONNECT
/*C41*/SET SCHEMA PUBLIC
DELETE FROM PLAYER_MATCH_STATS_LINK WHERE PLAYER_MATCH_STATS_ID=1 AND STATS_ID=1
DELETE FROM PLAYER_MATCH_STATS_LINK WHERE PLAYER_MATCH_STATS_ID=1 AND STATS_ID=2
DELETE FROM PLAYER_MATCH_STATS_LINK WHERE PLAYER_MATCH_STATS_ID=1 AND STATS_ID=3
DELETE FROM PLAYER_MATCH_STATS_LINK WHERE PLAYER_MATCH_STATS_ID=1 AND STATS_ID=4
COMMIT
DELETE FROM STATS WHERE ID=1
DELETE FROM STATS WHERE ID=2
DELETE FROM STATS WHERE ID=3
DELETE FROM STATS WHERE ID=4
COMMIT
DELETE FROM PLAYER_MATCH_STATS WHERE ID=1
COMMIT
DELETE FROM TEAM_MATCH_STATS WHERE ID=1
COMMIT
DELETE FROM MATCH WHERE ID=1
COMMIT
DELETE FROM TEAM WHERE ID=1
DELETE FROM TEAM WHERE ID=2
DELETE FROM TEAM WHERE ID=3
DELETE FROM TEAM WHERE ID=4
DELETE FROM TEAM WHERE ID=5
DELETE FROM TEAM WHERE ID=6
DELETE FROM TEAM WHERE ID=7
DELETE FROM TEAM WHERE ID=8
DELETE FROM TEAM WHERE ID=9
DELETE FROM TEAM WHERE ID=10
COMMIT
DELETE FROM PLAYER_CLUB_LINK WHERE PLAYER_ID=1 AND CLUB_ID=1
DELETE FROM PLAYER_CLUB_LINK WHERE PLAYER_ID=2 AND CLUB_ID=1
DELETE FROM PLAYER_CLUB_LINK WHERE PLAYER_ID=2 AND CLUB_ID=2
DELETE FROM PLAYER_CLUB_LINK WHERE PLAYER_ID=3 AND CLUB_ID=3
DELETE FROM PLAYER_CLUB_LINK WHERE PLAYER_ID=4 AND CLUB_ID=1
DELETE FROM PLAYER_CLUB_LINK WHERE PLAYER_ID=4 AND CLUB_ID=2
DELETE FROM PLAYER_CLUB_LINK WHERE PLAYER_ID=4 AND CLUB_ID=4
COMMIT
DELETE FROM PLAYER WHERE ID=1
DELETE FROM PLAYER WHERE ID=2
DELETE FROM PLAYER WHERE ID=3
DELETE FROM PLAYER WHERE ID=4
COMMIT
DELETE FROM CLUB WHERE ID=1
DELETE FROM CLUB WHERE ID=2
DELETE FROM CLUB WHERE ID=3
DELETE FROM CLUB WHERE ID=4
COMMIT
DELETE FROM SA_USER WHERE ID=1
DELETE FROM SA_USER WHERE ID=2
COMMIT
alter sequence ID_SEQ restart with 1000
INSERT INTO SA_USER VALUES(1,0,'dmackenz1981@gmail.com')
COMMIT
INSERT INTO SA_USER VALUES(2,0,'mkeanie11@gmail.com')
COMMIT
INSERT INTO CLUB VALUES(1,0,'OHAFC')
COMMIT
INSERT INTO CLUB VALUES(2,0,'St Kilda')
COMMIT
INSERT INTO CLUB VALUES(3,0,'Geelong')
COMMIT
INSERT INTO CLUB VALUES(4,0,'OMs')
COMMIT
INSERT INTO PLAYER VALUES(1,0,'dmack',NULL,1)
COMMIT
INSERT INTO PLAYER VALUES(2,0,'browny',NULL,1)
COMMIT
INSERT INTO PLAYER VALUES(3,0,'abomb',NULL,3)
COMMIT
INSERT INTO PLAYER VALUES(4,0,'fitzy',NULL,1)
COMMIT
INSERT INTO PLAYER_CLUB_LINK VALUES(1,1)
COMMIT
INSERT INTO PLAYER_CLUB_LINK VALUES(2,2)
COMMIT
INSERT INTO PLAYER_CLUB_LINK VALUES(2,1)
COMMIT
INSERT INTO PLAYER_CLUB_LINK VALUES(3,3)
COMMIT
INSERT INTO PLAYER_CLUB_LINK VALUES(4,2)
COMMIT
INSERT INTO PLAYER_CLUB_LINK VALUES(4,4)
COMMIT
INSERT INTO PLAYER_CLUB_LINK VALUES(4,1)
COMMIT
INSERT INTO TEAM VALUES(1,0,'SENIORS',1)
COMMIT
INSERT INTO TEAM VALUES(2,0,'RESERVES',1)
COMMIT
INSERT INTO TEAM VALUES(3,0,'U19s',1)
COMMIT
INSERT INTO TEAM VALUES(4,0,'SENIORS',2)
COMMIT
INSERT INTO TEAM VALUES(5,0,'RESERVES',2)
COMMIT
INSERT INTO TEAM VALUES(6,0,'SENIORS',3)
COMMIT
INSERT INTO TEAM VALUES(7,0,'RESERVES',3)
COMMIT
INSERT INTO TEAM VALUES(8,0,'SENIORS',4)
COMMIT
INSERT INTO TEAM VALUES(9,0,'RESERVES',4)
COMMIT
INSERT INTO TEAM VALUES(10,0,'U19s',4)
COMMIT
INSERT INTO MATCH VALUES(1,NULL,'2011-04-09 14:00:00.000000')
COMMIT
INSERT INTO TEAM_MATCH_STATS VALUES(1,0,NULL,NULL,1,1)
COMMIT
DELETE FROM TEAM_MATCH_STATS WHERE ID=1
INSERT INTO TEAM_MATCH_STATS VALUES(1,0,NULL,NULL,1,8)
COMMIT
INSERT INTO STATS VALUES(1,NULL,1,0,2,5,1,1,1)
COMMIT
INSERT INTO STATS VALUES(2,NULL,1,1,6,6,3,2,2)
COMMIT
INSERT INTO STATS VALUES(3,NULL,1,2,3,7,2,3,3)
COMMIT
INSERT INTO STATS VALUES(4,NULL,1,3,4,8,4,4,4)
COMMIT
INSERT INTO PLAYER_MATCH_STATS VALUES(1,0,1,NULL,1)
COMMIT
INSERT INTO PLAYER_MATCH_STATS_LINK VALUES(1,1)
COMMIT
INSERT INTO PLAYER_MATCH_STATS_LINK VALUES(1,2)
COMMIT
INSERT INTO PLAYER_MATCH_STATS_LINK VALUES(1,3)
COMMIT
INSERT INTO PLAYER_MATCH_STATS_LINK VALUES(1,4)
COMMIT
/*C42*/SET SCHEMA PUBLIC
DISCONNECT
/*C43*/SET SCHEMA PUBLIC
DELETE FROM PLAYER_MATCH_STATS_LINK WHERE PLAYER_MATCH_STATS_ID=1 AND STATS_ID=1
DELETE FROM PLAYER_MATCH_STATS_LINK WHERE PLAYER_MATCH_STATS_ID=1 AND STATS_ID=2
DELETE FROM PLAYER_MATCH_STATS_LINK WHERE PLAYER_MATCH_STATS_ID=1 AND STATS_ID=3
DELETE FROM PLAYER_MATCH_STATS_LINK WHERE PLAYER_MATCH_STATS_ID=1 AND STATS_ID=4
COMMIT
DELETE FROM STATS WHERE ID=1
DELETE FROM STATS WHERE ID=2
DELETE FROM STATS WHERE ID=3
DELETE FROM STATS WHERE ID=4
COMMIT
DELETE FROM PLAYER_MATCH_STATS WHERE ID=1
COMMIT
DELETE FROM TEAM_MATCH_STATS WHERE ID=1
COMMIT
DELETE FROM MATCH WHERE ID=1
COMMIT
DELETE FROM TEAM WHERE ID=1
DELETE FROM TEAM WHERE ID=2
DELETE FROM TEAM WHERE ID=3
DELETE FROM TEAM WHERE ID=4
DELETE FROM TEAM WHERE ID=5
DELETE FROM TEAM WHERE ID=6
DELETE FROM TEAM WHERE ID=7
DELETE FROM TEAM WHERE ID=8
DELETE FROM TEAM WHERE ID=9
DELETE FROM TEAM WHERE ID=10
COMMIT
DELETE FROM PLAYER_CLUB_LINK WHERE PLAYER_ID=1 AND CLUB_ID=1
DELETE FROM PLAYER_CLUB_LINK WHERE PLAYER_ID=2 AND CLUB_ID=1
DELETE FROM PLAYER_CLUB_LINK WHERE PLAYER_ID=2 AND CLUB_ID=2
DELETE FROM PLAYER_CLUB_LINK WHERE PLAYER_ID=3 AND CLUB_ID=3
DELETE FROM PLAYER_CLUB_LINK WHERE PLAYER_ID=4 AND CLUB_ID=1
DELETE FROM PLAYER_CLUB_LINK WHERE PLAYER_ID=4 AND CLUB_ID=2
DELETE FROM PLAYER_CLUB_LINK WHERE PLAYER_ID=4 AND CLUB_ID=4
COMMIT
DELETE FROM PLAYER WHERE ID=1
DELETE FROM PLAYER WHERE ID=2
DELETE FROM PLAYER WHERE ID=3
DELETE FROM PLAYER WHERE ID=4
COMMIT
DELETE FROM CLUB WHERE ID=1
DELETE FROM CLUB WHERE ID=2
DELETE FROM CLUB WHERE ID=3
DELETE FROM CLUB WHERE ID=4
COMMIT
DELETE FROM SA_USER WHERE ID=1
DELETE FROM SA_USER WHERE ID=2
COMMIT
alter sequence ID_SEQ restart with 1000
INSERT INTO SA_USER VALUES(1,0,'dmackenz1981@gmail.com')
COMMIT
INSERT INTO SA_USER VALUES(2,0,'mkeanie11@gmail.com')
COMMIT
INSERT INTO CLUB VALUES(1,0,'OHAFC')
COMMIT
INSERT INTO CLUB VALUES(2,0,'St Kilda')
COMMIT
INSERT INTO CLUB VALUES(3,0,'Geelong')
COMMIT
INSERT INTO CLUB VALUES(4,0,'OMs')
COMMIT
INSERT INTO PLAYER VALUES(1,0,'dmack',NULL,1)
COMMIT
INSERT INTO PLAYER VALUES(2,0,'browny',NULL,1)
COMMIT
INSERT INTO PLAYER VALUES(3,0,'abomb',NULL,3)
COMMIT
INSERT INTO PLAYER VALUES(4,0,'fitzy',NULL,1)
COMMIT
INSERT INTO PLAYER_CLUB_LINK VALUES(1,1)
COMMIT
INSERT INTO PLAYER_CLUB_LINK VALUES(2,2)
COMMIT
INSERT INTO PLAYER_CLUB_LINK VALUES(2,1)
COMMIT
INSERT INTO PLAYER_CLUB_LINK VALUES(3,3)
COMMIT
INSERT INTO PLAYER_CLUB_LINK VALUES(4,2)
COMMIT
INSERT INTO PLAYER_CLUB_LINK VALUES(4,4)
COMMIT
INSERT INTO PLAYER_CLUB_LINK VALUES(4,1)
COMMIT
INSERT INTO TEAM VALUES(1,0,'SENIORS',1)
COMMIT
INSERT INTO TEAM VALUES(2,0,'RESERVES',1)
COMMIT
INSERT INTO TEAM VALUES(3,0,'U19s',1)
COMMIT
INSERT INTO TEAM VALUES(4,0,'SENIORS',2)
COMMIT
INSERT INTO TEAM VALUES(5,0,'RESERVES',2)
COMMIT
INSERT INTO TEAM VALUES(6,0,'SENIORS',3)
COMMIT
INSERT INTO TEAM VALUES(7,0,'RESERVES',3)
COMMIT
INSERT INTO TEAM VALUES(8,0,'SENIORS',4)
COMMIT
INSERT INTO TEAM VALUES(9,0,'RESERVES',4)
COMMIT
INSERT INTO TEAM VALUES(10,0,'U19s',4)
COMMIT
INSERT INTO MATCH VALUES(1,NULL,'2011-04-09 14:00:00.000000')
COMMIT
INSERT INTO TEAM_MATCH_STATS VALUES(1,0,NULL,NULL,1,1)
COMMIT
DELETE FROM TEAM_MATCH_STATS WHERE ID=1
INSERT INTO TEAM_MATCH_STATS VALUES(1,0,NULL,NULL,1,8)
COMMIT
INSERT INTO STATS VALUES(1,NULL,1,0,2,5,1,1,1)
COMMIT
INSERT INTO STATS VALUES(2,NULL,1,1,6,6,3,2,2)
COMMIT
INSERT INTO STATS VALUES(3,NULL,1,2,3,7,2,3,3)
COMMIT
INSERT INTO STATS VALUES(4,NULL,1,3,4,8,4,4,4)
COMMIT
INSERT INTO PLAYER_MATCH_STATS VALUES(1,0,1,NULL,1)
COMMIT
INSERT INTO PLAYER_MATCH_STATS_LINK VALUES(1,1)
COMMIT
INSERT INTO PLAYER_MATCH_STATS_LINK VALUES(1,2)
COMMIT
INSERT INTO PLAYER_MATCH_STATS_LINK VALUES(1,3)
COMMIT
INSERT INTO PLAYER_MATCH_STATS_LINK VALUES(1,4)
COMMIT
/*C44*/SET SCHEMA PUBLIC
DELETE FROM PLAYER_MATCH_STATS_LINK WHERE PLAYER_MATCH_STATS_ID=1 AND STATS_ID=1
DELETE FROM PLAYER_MATCH_STATS_LINK WHERE PLAYER_MATCH_STATS_ID=1 AND STATS_ID=2
DELETE FROM PLAYER_MATCH_STATS_LINK WHERE PLAYER_MATCH_STATS_ID=1 AND STATS_ID=3
DELETE FROM PLAYER_MATCH_STATS_LINK WHERE PLAYER_MATCH_STATS_ID=1 AND STATS_ID=4
COMMIT
DELETE FROM STATS WHERE ID=1
DELETE FROM STATS WHERE ID=2
DELETE FROM STATS WHERE ID=3
DELETE FROM STATS WHERE ID=4
COMMIT
DELETE FROM PLAYER_MATCH_STATS WHERE ID=1
COMMIT
DELETE FROM TEAM_MATCH_STATS WHERE ID=1
COMMIT
DELETE FROM MATCH WHERE ID=1
COMMIT
DELETE FROM TEAM WHERE ID=1
DELETE FROM TEAM WHERE ID=2
DELETE FROM TEAM WHERE ID=3
DELETE FROM TEAM WHERE ID=4
DELETE FROM TEAM WHERE ID=5
DELETE FROM TEAM WHERE ID=6
DELETE FROM TEAM WHERE ID=7
DELETE FROM TEAM WHERE ID=8
DELETE FROM TEAM WHERE ID=9
DELETE FROM TEAM WHERE ID=10
COMMIT
DELETE FROM PLAYER_CLUB_LINK WHERE PLAYER_ID=1 AND CLUB_ID=1
DELETE FROM PLAYER_CLUB_LINK WHERE PLAYER_ID=2 AND CLUB_ID=1
DELETE FROM PLAYER_CLUB_LINK WHERE PLAYER_ID=2 AND CLUB_ID=2
DELETE FROM PLAYER_CLUB_LINK WHERE PLAYER_ID=3 AND CLUB_ID=3
DELETE FROM PLAYER_CLUB_LINK WHERE PLAYER_ID=4 AND CLUB_ID=1
DELETE FROM PLAYER_CLUB_LINK WHERE PLAYER_ID=4 AND CLUB_ID=2
DELETE FROM PLAYER_CLUB_LINK WHERE PLAYER_ID=4 AND CLUB_ID=4
COMMIT
DELETE FROM PLAYER WHERE ID=1
DELETE FROM PLAYER WHERE ID=2
DELETE FROM PLAYER WHERE ID=3
DELETE FROM PLAYER WHERE ID=4
COMMIT
DELETE FROM CLUB WHERE ID=1
DELETE FROM CLUB WHERE ID=2
DELETE FROM CLUB WHERE ID=3
DELETE FROM CLUB WHERE ID=4
COMMIT
DELETE FROM SA_USER WHERE ID=1
DELETE FROM SA_USER WHERE ID=2
COMMIT
alter sequence ID_SEQ restart with 1000
INSERT INTO SA_USER VALUES(1,0,'dmackenz1981@gmail.com')
COMMIT
INSERT INTO SA_USER VALUES(2,0,'mkeanie11@gmail.com')
COMMIT
INSERT INTO CLUB VALUES(1,0,'OHAFC')
COMMIT
INSERT INTO CLUB VALUES(2,0,'St Kilda')
COMMIT
INSERT INTO CLUB VALUES(3,0,'Geelong')
COMMIT
INSERT INTO CLUB VALUES(4,0,'OMs')
COMMIT
INSERT INTO PLAYER VALUES(1,0,'dmack',NULL,1)
COMMIT
INSERT INTO PLAYER VALUES(2,0,'browny',NULL,1)
COMMIT
INSERT INTO PLAYER VALUES(3,0,'abomb',NULL,3)
COMMIT
INSERT INTO PLAYER VALUES(4,0,'fitzy',NULL,1)
COMMIT
INSERT INTO PLAYER_CLUB_LINK VALUES(1,1)
COMMIT
INSERT INTO PLAYER_CLUB_LINK VALUES(2,2)
COMMIT
INSERT INTO PLAYER_CLUB_LINK VALUES(2,1)
COMMIT
INSERT INTO PLAYER_CLUB_LINK VALUES(3,3)
COMMIT
INSERT INTO PLAYER_CLUB_LINK VALUES(4,2)
COMMIT
INSERT INTO PLAYER_CLUB_LINK VALUES(4,4)
COMMIT
INSERT INTO PLAYER_CLUB_LINK VALUES(4,1)
COMMIT
INSERT INTO TEAM VALUES(1,0,'SENIORS',1)
COMMIT
INSERT INTO TEAM VALUES(2,0,'RESERVES',1)
COMMIT
INSERT INTO TEAM VALUES(3,0,'U19s',1)
COMMIT
INSERT INTO TEAM VALUES(4,0,'SENIORS',2)
COMMIT
INSERT INTO TEAM VALUES(5,0,'RESERVES',2)
COMMIT
INSERT INTO TEAM VALUES(6,0,'SENIORS',3)
COMMIT
INSERT INTO TEAM VALUES(7,0,'RESERVES',3)
COMMIT
INSERT INTO TEAM VALUES(8,0,'SENIORS',4)
COMMIT
INSERT INTO TEAM VALUES(9,0,'RESERVES',4)
COMMIT
INSERT INTO TEAM VALUES(10,0,'U19s',4)
COMMIT
INSERT INTO MATCH VALUES(1,NULL,'2011-04-09 14:00:00.000000')
COMMIT
INSERT INTO TEAM_MATCH_STATS VALUES(1,0,NULL,NULL,1,1)
COMMIT
DELETE FROM TEAM_MATCH_STATS WHERE ID=1
INSERT INTO TEAM_MATCH_STATS VALUES(1,0,NULL,NULL,1,8)
COMMIT
INSERT INTO STATS VALUES(1,NULL,1,0,2,5,1,1,1)
COMMIT
INSERT INTO STATS VALUES(2,NULL,1,1,6,6,3,2,2)
COMMIT
INSERT INTO STATS VALUES(3,NULL,1,2,3,7,2,3,3)
COMMIT
INSERT INTO STATS VALUES(4,NULL,1,3,4,8,4,4,4)
COMMIT
INSERT INTO PLAYER_MATCH_STATS VALUES(1,0,1,NULL,1)
COMMIT
INSERT INTO PLAYER_MATCH_STATS_LINK VALUES(1,1)
COMMIT
INSERT INTO PLAYER_MATCH_STATS_LINK VALUES(1,2)
COMMIT
INSERT INTO PLAYER_MATCH_STATS_LINK VALUES(1,3)
COMMIT
INSERT INTO PLAYER_MATCH_STATS_LINK VALUES(1,4)
COMMIT
/*C43*/ROLLBACK
/*C41*/DISCONNECT
/*C43*/DISCONNECT
/*C44*/DISCONNECT
/*C39*/SET SCHEMA PUBLIC
DISCONNECT
/*C45*/SET SCHEMA PUBLIC
DISCONNECT
/*C47*/SET SCHEMA PUBLIC
DISCONNECT
/*C48*/SET SCHEMA PUBLIC
DELETE FROM PLAYER_MATCH_STATS_LINK WHERE PLAYER_MATCH_STATS_ID=1 AND STATS_ID=1
DELETE FROM PLAYER_MATCH_STATS_LINK WHERE PLAYER_MATCH_STATS_ID=1 AND STATS_ID=2
DELETE FROM PLAYER_MATCH_STATS_LINK WHERE PLAYER_MATCH_STATS_ID=1 AND STATS_ID=3
DELETE FROM PLAYER_MATCH_STATS_LINK WHERE PLAYER_MATCH_STATS_ID=1 AND STATS_ID=4
COMMIT
DELETE FROM STATS WHERE ID=1
DELETE FROM STATS WHERE ID=2
DELETE FROM STATS WHERE ID=3
DELETE FROM STATS WHERE ID=4
COMMIT
DELETE FROM PLAYER_MATCH_STATS WHERE ID=1
COMMIT
DELETE FROM TEAM_MATCH_STATS WHERE ID=1
COMMIT
DELETE FROM MATCH WHERE ID=1
COMMIT
DELETE FROM TEAM WHERE ID=1
DELETE FROM TEAM WHERE ID=2
DELETE FROM TEAM WHERE ID=3
DELETE FROM TEAM WHERE ID=4
DELETE FROM TEAM WHERE ID=5
DELETE FROM TEAM WHERE ID=6
DELETE FROM TEAM WHERE ID=7
DELETE FROM TEAM WHERE ID=8
DELETE FROM TEAM WHERE ID=9
DELETE FROM TEAM WHERE ID=10
COMMIT
DELETE FROM PLAYER_CLUB_LINK WHERE PLAYER_ID=1 AND CLUB_ID=1
DELETE FROM PLAYER_CLUB_LINK WHERE PLAYER_ID=2 AND CLUB_ID=1
DELETE FROM PLAYER_CLUB_LINK WHERE PLAYER_ID=2 AND CLUB_ID=2
DELETE FROM PLAYER_CLUB_LINK WHERE PLAYER_ID=3 AND CLUB_ID=3
DELETE FROM PLAYER_CLUB_LINK WHERE PLAYER_ID=4 AND CLUB_ID=1
DELETE FROM PLAYER_CLUB_LINK WHERE PLAYER_ID=4 AND CLUB_ID=2
DELETE FROM PLAYER_CLUB_LINK WHERE PLAYER_ID=4 AND CLUB_ID=4
COMMIT
DELETE FROM PLAYER WHERE ID=1
DELETE FROM PLAYER WHERE ID=2
DELETE FROM PLAYER WHERE ID=3
DELETE FROM PLAYER WHERE ID=4
COMMIT
DELETE FROM CLUB WHERE ID=1
DELETE FROM CLUB WHERE ID=2
DELETE FROM CLUB WHERE ID=3
DELETE FROM CLUB WHERE ID=4
COMMIT
DELETE FROM SA_USER WHERE ID=1
DELETE FROM SA_USER WHERE ID=2
COMMIT
alter sequence ID_SEQ restart with 1000
INSERT INTO SA_USER VALUES(1,0,'dmackenz1981@gmail.com')
COMMIT
INSERT INTO SA_USER VALUES(2,0,'mkeanie11@gmail.com')
COMMIT
INSERT INTO CLUB VALUES(1,0,'OHAFC')
COMMIT
INSERT INTO CLUB VALUES(2,0,'St Kilda')
COMMIT
INSERT INTO CLUB VALUES(3,0,'Geelong')
COMMIT
INSERT INTO CLUB VALUES(4,0,'OMs')
COMMIT
INSERT INTO PLAYER VALUES(1,0,'dmack',NULL,1)
COMMIT
INSERT INTO PLAYER VALUES(2,0,'browny',NULL,1)
COMMIT
INSERT INTO PLAYER VALUES(3,0,'abomb',NULL,3)
COMMIT
INSERT INTO PLAYER VALUES(4,0,'fitzy',NULL,1)
COMMIT
INSERT INTO PLAYER_CLUB_LINK VALUES(1,1)
COMMIT
INSERT INTO PLAYER_CLUB_LINK VALUES(2,2)
COMMIT
INSERT INTO PLAYER_CLUB_LINK VALUES(2,1)
COMMIT
INSERT INTO PLAYER_CLUB_LINK VALUES(3,3)
COMMIT
INSERT INTO PLAYER_CLUB_LINK VALUES(4,2)
COMMIT
INSERT INTO PLAYER_CLUB_LINK VALUES(4,4)
COMMIT
INSERT INTO PLAYER_CLUB_LINK VALUES(4,1)
COMMIT
INSERT INTO TEAM VALUES(1,0,'SENIORS',1)
COMMIT
INSERT INTO TEAM VALUES(2,0,'RESERVES',1)
COMMIT
INSERT INTO TEAM VALUES(3,0,'U19s',1)
COMMIT
INSERT INTO TEAM VALUES(4,0,'SENIORS',2)
COMMIT
INSERT INTO TEAM VALUES(5,0,'RESERVES',2)
COMMIT
INSERT INTO TEAM VALUES(6,0,'SENIORS',3)
COMMIT
INSERT INTO TEAM VALUES(7,0,'RESERVES',3)
COMMIT
INSERT INTO TEAM VALUES(8,0,'SENIORS',4)
COMMIT
INSERT INTO TEAM VALUES(9,0,'RESERVES',4)
COMMIT
INSERT INTO TEAM VALUES(10,0,'U19s',4)
COMMIT
INSERT INTO MATCH VALUES(1,NULL,'2011-04-09 14:00:00.000000')
COMMIT
INSERT INTO TEAM_MATCH_STATS VALUES(1,0,NULL,NULL,1,1)
COMMIT
DELETE FROM TEAM_MATCH_STATS WHERE ID=1
INSERT INTO TEAM_MATCH_STATS VALUES(1,0,NULL,NULL,1,8)
COMMIT
INSERT INTO STATS VALUES(1,NULL,1,0,2,5,1,1,1)
COMMIT
INSERT INTO STATS VALUES(2,NULL,1,1,6,6,3,2,2)
COMMIT
INSERT INTO STATS VALUES(3,NULL,1,2,3,7,2,3,3)
COMMIT
INSERT INTO STATS VALUES(4,NULL,1,3,4,8,4,4,4)
COMMIT
INSERT INTO PLAYER_MATCH_STATS VALUES(1,0,1,NULL,1)
COMMIT
INSERT INTO PLAYER_MATCH_STATS_LINK VALUES(1,1)
COMMIT
INSERT INTO PLAYER_MATCH_STATS_LINK VALUES(1,2)
COMMIT
INSERT INTO PLAYER_MATCH_STATS_LINK VALUES(1,3)
COMMIT
INSERT INTO PLAYER_MATCH_STATS_LINK VALUES(1,4)
COMMIT
/*C49*/SET SCHEMA PUBLIC
DISCONNECT
/*C50*/SET SCHEMA PUBLIC
DELETE FROM PLAYER_MATCH_STATS_LINK WHERE PLAYER_MATCH_STATS_ID=1 AND STATS_ID=1
DELETE FROM PLAYER_MATCH_STATS_LINK WHERE PLAYER_MATCH_STATS_ID=1 AND STATS_ID=2
DELETE FROM PLAYER_MATCH_STATS_LINK WHERE PLAYER_MATCH_STATS_ID=1 AND STATS_ID=3
DELETE FROM PLAYER_MATCH_STATS_LINK WHERE PLAYER_MATCH_STATS_ID=1 AND STATS_ID=4
COMMIT
DELETE FROM STATS WHERE ID=1
DELETE FROM STATS WHERE ID=2
DELETE FROM STATS WHERE ID=3
DELETE FROM STATS WHERE ID=4
COMMIT
DELETE FROM PLAYER_MATCH_STATS WHERE ID=1
COMMIT
DELETE FROM TEAM_MATCH_STATS WHERE ID=1
COMMIT
DELETE FROM MATCH WHERE ID=1
COMMIT
DELETE FROM TEAM WHERE ID=1
DELETE FROM TEAM WHERE ID=2
DELETE FROM TEAM WHERE ID=3
DELETE FROM TEAM WHERE ID=4
DELETE FROM TEAM WHERE ID=5
DELETE FROM TEAM WHERE ID=6
DELETE FROM TEAM WHERE ID=7
DELETE FROM TEAM WHERE ID=8
DELETE FROM TEAM WHERE ID=9
DELETE FROM TEAM WHERE ID=10
COMMIT
DELETE FROM PLAYER_CLUB_LINK WHERE PLAYER_ID=1 AND CLUB_ID=1
DELETE FROM PLAYER_CLUB_LINK WHERE PLAYER_ID=2 AND CLUB_ID=1
DELETE FROM PLAYER_CLUB_LINK WHERE PLAYER_ID=2 AND CLUB_ID=2
DELETE FROM PLAYER_CLUB_LINK WHERE PLAYER_ID=3 AND CLUB_ID=3
DELETE FROM PLAYER_CLUB_LINK WHERE PLAYER_ID=4 AND CLUB_ID=1
DELETE FROM PLAYER_CLUB_LINK WHERE PLAYER_ID=4 AND CLUB_ID=2
DELETE FROM PLAYER_CLUB_LINK WHERE PLAYER_ID=4 AND CLUB_ID=4
COMMIT
DELETE FROM PLAYER WHERE ID=1
DELETE FROM PLAYER WHERE ID=2
DELETE FROM PLAYER WHERE ID=3
DELETE FROM PLAYER WHERE ID=4
COMMIT
DELETE FROM CLUB WHERE ID=1
DELETE FROM CLUB WHERE ID=2
DELETE FROM CLUB WHERE ID=3
DELETE FROM CLUB WHERE ID=4
COMMIT
DELETE FROM SA_USER WHERE ID=1
DELETE FROM SA_USER WHERE ID=2
COMMIT
alter sequence ID_SEQ restart with 1000
INSERT INTO SA_USER VALUES(1,0,'dmackenz1981@gmail.com')
COMMIT
INSERT INTO SA_USER VALUES(2,0,'mkeanie11@gmail.com')
COMMIT
INSERT INTO CLUB VALUES(1,0,'OHAFC')
COMMIT
INSERT INTO CLUB VALUES(2,0,'St Kilda')
COMMIT
INSERT INTO CLUB VALUES(3,0,'Geelong')
COMMIT
INSERT INTO CLUB VALUES(4,0,'OMs')
COMMIT
INSERT INTO PLAYER VALUES(1,0,'dmack',NULL,1)
COMMIT
INSERT INTO PLAYER VALUES(2,0,'browny',NULL,1)
COMMIT
INSERT INTO PLAYER VALUES(3,0,'abomb',NULL,3)
COMMIT
INSERT INTO PLAYER VALUES(4,0,'fitzy',NULL,1)
COMMIT
INSERT INTO PLAYER_CLUB_LINK VALUES(1,1)
COMMIT
INSERT INTO PLAYER_CLUB_LINK VALUES(2,2)
COMMIT
INSERT INTO PLAYER_CLUB_LINK VALUES(2,1)
COMMIT
INSERT INTO PLAYER_CLUB_LINK VALUES(3,3)
COMMIT
INSERT INTO PLAYER_CLUB_LINK VALUES(4,2)
COMMIT
INSERT INTO PLAYER_CLUB_LINK VALUES(4,4)
COMMIT
INSERT INTO PLAYER_CLUB_LINK VALUES(4,1)
COMMIT
INSERT INTO TEAM VALUES(1,0,'SENIORS',1)
COMMIT
INSERT INTO TEAM VALUES(2,0,'RESERVES',1)
COMMIT
INSERT INTO TEAM VALUES(3,0,'U19s',1)
COMMIT
INSERT INTO TEAM VALUES(4,0,'SENIORS',2)
COMMIT
INSERT INTO TEAM VALUES(5,0,'RESERVES',2)
COMMIT
INSERT INTO TEAM VALUES(6,0,'SENIORS',3)
COMMIT
INSERT INTO TEAM VALUES(7,0,'RESERVES',3)
COMMIT
INSERT INTO TEAM VALUES(8,0,'SENIORS',4)
COMMIT
INSERT INTO TEAM VALUES(9,0,'RESERVES',4)
COMMIT
INSERT INTO TEAM VALUES(10,0,'U19s',4)
COMMIT
INSERT INTO MATCH VALUES(1,NULL,'2011-04-09 14:00:00.000000')
COMMIT
INSERT INTO TEAM_MATCH_STATS VALUES(1,0,NULL,NULL,1,1)
COMMIT
DELETE FROM TEAM_MATCH_STATS WHERE ID=1
INSERT INTO TEAM_MATCH_STATS VALUES(1,0,NULL,NULL,1,8)
COMMIT
INSERT INTO STATS VALUES(1,NULL,1,0,2,5,1,1,1)
COMMIT
INSERT INTO STATS VALUES(2,NULL,1,1,6,6,3,2,2)
COMMIT
INSERT INTO STATS VALUES(3,NULL,1,2,3,7,2,3,3)
COMMIT
INSERT INTO STATS VALUES(4,NULL,1,3,4,8,4,4,4)
COMMIT
INSERT INTO PLAYER_MATCH_STATS VALUES(1,0,1,NULL,1)
COMMIT
INSERT INTO PLAYER_MATCH_STATS_LINK VALUES(1,1)
COMMIT
INSERT INTO PLAYER_MATCH_STATS_LINK VALUES(1,2)
COMMIT
INSERT INTO PLAYER_MATCH_STATS_LINK VALUES(1,3)
COMMIT
INSERT INTO PLAYER_MATCH_STATS_LINK VALUES(1,4)
COMMIT
/*C51*/SET SCHEMA PUBLIC
DELETE FROM PLAYER_MATCH_STATS_LINK WHERE PLAYER_MATCH_STATS_ID=1 AND STATS_ID=1
DELETE FROM PLAYER_MATCH_STATS_LINK WHERE PLAYER_MATCH_STATS_ID=1 AND STATS_ID=2
DELETE FROM PLAYER_MATCH_STATS_LINK WHERE PLAYER_MATCH_STATS_ID=1 AND STATS_ID=3
DELETE FROM PLAYER_MATCH_STATS_LINK WHERE PLAYER_MATCH_STATS_ID=1 AND STATS_ID=4
COMMIT
DELETE FROM STATS WHERE ID=1
DELETE FROM STATS WHERE ID=2
DELETE FROM STATS WHERE ID=3
DELETE FROM STATS WHERE ID=4
COMMIT
DELETE FROM PLAYER_MATCH_STATS WHERE ID=1
COMMIT
DELETE FROM TEAM_MATCH_STATS WHERE ID=1
COMMIT
DELETE FROM MATCH WHERE ID=1
COMMIT
DELETE FROM TEAM WHERE ID=1
DELETE FROM TEAM WHERE ID=2
DELETE FROM TEAM WHERE ID=3
DELETE FROM TEAM WHERE ID=4
DELETE FROM TEAM WHERE ID=5
DELETE FROM TEAM WHERE ID=6
DELETE FROM TEAM WHERE ID=7
DELETE FROM TEAM WHERE ID=8
DELETE FROM TEAM WHERE ID=9
DELETE FROM TEAM WHERE ID=10
COMMIT
DELETE FROM PLAYER_CLUB_LINK WHERE PLAYER_ID=1 AND CLUB_ID=1
DELETE FROM PLAYER_CLUB_LINK WHERE PLAYER_ID=2 AND CLUB_ID=1
DELETE FROM PLAYER_CLUB_LINK WHERE PLAYER_ID=2 AND CLUB_ID=2
DELETE FROM PLAYER_CLUB_LINK WHERE PLAYER_ID=3 AND CLUB_ID=3
DELETE FROM PLAYER_CLUB_LINK WHERE PLAYER_ID=4 AND CLUB_ID=1
DELETE FROM PLAYER_CLUB_LINK WHERE PLAYER_ID=4 AND CLUB_ID=2
DELETE FROM PLAYER_CLUB_LINK WHERE PLAYER_ID=4 AND CLUB_ID=4
COMMIT
DELETE FROM PLAYER WHERE ID=1
DELETE FROM PLAYER WHERE ID=2
DELETE FROM PLAYER WHERE ID=3
DELETE FROM PLAYER WHERE ID=4
COMMIT
DELETE FROM CLUB WHERE ID=1
DELETE FROM CLUB WHERE ID=2
DELETE FROM CLUB WHERE ID=3
DELETE FROM CLUB WHERE ID=4
COMMIT
DELETE FROM SA_USER WHERE ID=1
DELETE FROM SA_USER WHERE ID=2
COMMIT
alter sequence ID_SEQ restart with 1000
INSERT INTO SA_USER VALUES(1,0,'dmackenz1981@gmail.com')
COMMIT
INSERT INTO SA_USER VALUES(2,0,'mkeanie11@gmail.com')
COMMIT
INSERT INTO CLUB VALUES(1,0,'OHAFC')
COMMIT
INSERT INTO CLUB VALUES(2,0,'St Kilda')
COMMIT
INSERT INTO CLUB VALUES(3,0,'Geelong')
COMMIT
INSERT INTO CLUB VALUES(4,0,'OMs')
COMMIT
INSERT INTO PLAYER VALUES(1,0,'dmack',NULL,1)
COMMIT
INSERT INTO PLAYER VALUES(2,0,'browny',NULL,1)
COMMIT
INSERT INTO PLAYER VALUES(3,0,'abomb',NULL,3)
COMMIT
INSERT INTO PLAYER VALUES(4,0,'fitzy',NULL,1)
COMMIT
INSERT INTO PLAYER_CLUB_LINK VALUES(1,1)
COMMIT
INSERT INTO PLAYER_CLUB_LINK VALUES(2,2)
COMMIT
INSERT INTO PLAYER_CLUB_LINK VALUES(2,1)
COMMIT
INSERT INTO PLAYER_CLUB_LINK VALUES(3,3)
COMMIT
INSERT INTO PLAYER_CLUB_LINK VALUES(4,2)
COMMIT
INSERT INTO PLAYER_CLUB_LINK VALUES(4,4)
COMMIT
INSERT INTO PLAYER_CLUB_LINK VALUES(4,1)
COMMIT
INSERT INTO TEAM VALUES(1,0,'SENIORS',1)
COMMIT
INSERT INTO TEAM VALUES(2,0,'RESERVES',1)
COMMIT
INSERT INTO TEAM VALUES(3,0,'U19s',1)
COMMIT
INSERT INTO TEAM VALUES(4,0,'SENIORS',2)
COMMIT
INSERT INTO TEAM VALUES(5,0,'RESERVES',2)
COMMIT
INSERT INTO TEAM VALUES(6,0,'SENIORS',3)
COMMIT
INSERT INTO TEAM VALUES(7,0,'RESERVES',3)
COMMIT
INSERT INTO TEAM VALUES(8,0,'SENIORS',4)
COMMIT
INSERT INTO TEAM VALUES(9,0,'RESERVES',4)
COMMIT
INSERT INTO TEAM VALUES(10,0,'U19s',4)
COMMIT
INSERT INTO MATCH VALUES(1,NULL,'2011-04-09 14:00:00.000000')
COMMIT
INSERT INTO TEAM_MATCH_STATS VALUES(1,0,NULL,NULL,1,1)
COMMIT
DELETE FROM TEAM_MATCH_STATS WHERE ID=1
INSERT INTO TEAM_MATCH_STATS VALUES(1,0,NULL,NULL,1,8)
COMMIT
INSERT INTO STATS VALUES(1,NULL,1,0,2,5,1,1,1)
COMMIT
INSERT INTO STATS VALUES(2,NULL,1,1,6,6,3,2,2)
COMMIT
INSERT INTO STATS VALUES(3,NULL,1,2,3,7,2,3,3)
COMMIT
INSERT INTO STATS VALUES(4,NULL,1,3,4,8,4,4,4)
COMMIT
INSERT INTO PLAYER_MATCH_STATS VALUES(1,0,1,NULL,1)
COMMIT
INSERT INTO PLAYER_MATCH_STATS_LINK VALUES(1,1)
COMMIT
INSERT INTO PLAYER_MATCH_STATS_LINK VALUES(1,2)
COMMIT
INSERT INTO PLAYER_MATCH_STATS_LINK VALUES(1,3)
COMMIT
INSERT INTO PLAYER_MATCH_STATS_LINK VALUES(1,4)
COMMIT
/*C50*/ROLLBACK
/*C48*/DISCONNECT
/*C50*/DISCONNECT
/*C51*/DISCONNECT
/*C46*/SET SCHEMA PUBLIC
DISCONNECT
/*C52*/SET SCHEMA PUBLIC
DISCONNECT
/*C53*/SET SCHEMA PUBLIC
DISCONNECT
/*C54*/SET SCHEMA PUBLIC
DISCONNECT
/*C55*/SET SCHEMA PUBLIC
DELETE FROM PLAYER_MATCH_STATS_LINK WHERE PLAYER_MATCH_STATS_ID=1 AND STATS_ID=1
DELETE FROM PLAYER_MATCH_STATS_LINK WHERE PLAYER_MATCH_STATS_ID=1 AND STATS_ID=2
DELETE FROM PLAYER_MATCH_STATS_LINK WHERE PLAYER_MATCH_STATS_ID=1 AND STATS_ID=3
DELETE FROM PLAYER_MATCH_STATS_LINK WHERE PLAYER_MATCH_STATS_ID=1 AND STATS_ID=4
COMMIT
DELETE FROM STATS WHERE ID=1
DELETE FROM STATS WHERE ID=2
DELETE FROM STATS WHERE ID=3
DELETE FROM STATS WHERE ID=4
COMMIT
DELETE FROM PLAYER_MATCH_STATS WHERE ID=1
COMMIT
DELETE FROM TEAM_MATCH_STATS WHERE ID=1
COMMIT
DELETE FROM MATCH WHERE ID=1
COMMIT
DELETE FROM TEAM WHERE ID=1
DELETE FROM TEAM WHERE ID=2
DELETE FROM TEAM WHERE ID=3
DELETE FROM TEAM WHERE ID=4
DELETE FROM TEAM WHERE ID=5
DELETE FROM TEAM WHERE ID=6
DELETE FROM TEAM WHERE ID=7
DELETE FROM TEAM WHERE ID=8
DELETE FROM TEAM WHERE ID=9
DELETE FROM TEAM WHERE ID=10
COMMIT
DELETE FROM PLAYER_CLUB_LINK WHERE PLAYER_ID=1 AND CLUB_ID=1
DELETE FROM PLAYER_CLUB_LINK WHERE PLAYER_ID=2 AND CLUB_ID=1
DELETE FROM PLAYER_CLUB_LINK WHERE PLAYER_ID=2 AND CLUB_ID=2
DELETE FROM PLAYER_CLUB_LINK WHERE PLAYER_ID=3 AND CLUB_ID=3
DELETE FROM PLAYER_CLUB_LINK WHERE PLAYER_ID=4 AND CLUB_ID=1
DELETE FROM PLAYER_CLUB_LINK WHERE PLAYER_ID=4 AND CLUB_ID=2
DELETE FROM PLAYER_CLUB_LINK WHERE PLAYER_ID=4 AND CLUB_ID=4
COMMIT
DELETE FROM PLAYER WHERE ID=1
DELETE FROM PLAYER WHERE ID=2
DELETE FROM PLAYER WHERE ID=3
DELETE FROM PLAYER WHERE ID=4
COMMIT
DELETE FROM CLUB WHERE ID=1
DELETE FROM CLUB WHERE ID=2
DELETE FROM CLUB WHERE ID=3
DELETE FROM CLUB WHERE ID=4
COMMIT
DELETE FROM SA_USER WHERE ID=1
DELETE FROM SA_USER WHERE ID=2
COMMIT
alter sequence ID_SEQ restart with 1000
INSERT INTO SA_USER VALUES(1,0,'dmackenz1981@gmail.com')
COMMIT
INSERT INTO SA_USER VALUES(2,0,'mkeanie11@gmail.com')
COMMIT
INSERT INTO CLUB VALUES(1,0,'OHAFC')
COMMIT
INSERT INTO CLUB VALUES(2,0,'St Kilda')
COMMIT
INSERT INTO CLUB VALUES(3,0,'Geelong')
COMMIT
INSERT INTO CLUB VALUES(4,0,'OMs')
COMMIT
INSERT INTO PLAYER VALUES(1,0,'dmack',NULL,1)
COMMIT
INSERT INTO PLAYER VALUES(2,0,'browny',NULL,1)
COMMIT
INSERT INTO PLAYER VALUES(3,0,'abomb',NULL,3)
COMMIT
INSERT INTO PLAYER VALUES(4,0,'fitzy',NULL,1)
COMMIT
INSERT INTO PLAYER_CLUB_LINK VALUES(1,1)
COMMIT
INSERT INTO PLAYER_CLUB_LINK VALUES(2,2)
COMMIT
INSERT INTO PLAYER_CLUB_LINK VALUES(2,1)
COMMIT
INSERT INTO PLAYER_CLUB_LINK VALUES(3,3)
COMMIT
INSERT INTO PLAYER_CLUB_LINK VALUES(4,2)
COMMIT
INSERT INTO PLAYER_CLUB_LINK VALUES(4,4)
COMMIT
INSERT INTO PLAYER_CLUB_LINK VALUES(4,1)
COMMIT
INSERT INTO TEAM VALUES(1,0,'SENIORS',1)
COMMIT
INSERT INTO TEAM VALUES(2,0,'RESERVES',1)
COMMIT
INSERT INTO TEAM VALUES(3,0,'U19s',1)
COMMIT
INSERT INTO TEAM VALUES(4,0,'SENIORS',2)
COMMIT
INSERT INTO TEAM VALUES(5,0,'RESERVES',2)
COMMIT
INSERT INTO TEAM VALUES(6,0,'SENIORS',3)
COMMIT
INSERT INTO TEAM VALUES(7,0,'RESERVES',3)
COMMIT
INSERT INTO TEAM VALUES(8,0,'SENIORS',4)
COMMIT
INSERT INTO TEAM VALUES(9,0,'RESERVES',4)
COMMIT
INSERT INTO TEAM VALUES(10,0,'U19s',4)
COMMIT
INSERT INTO MATCH VALUES(1,NULL,'2011-04-09 14:00:00.000000')
COMMIT
INSERT INTO TEAM_MATCH_STATS VALUES(1,0,NULL,NULL,1,1)
COMMIT
DELETE FROM TEAM_MATCH_STATS WHERE ID=1
INSERT INTO TEAM_MATCH_STATS VALUES(1,0,NULL,NULL,1,8)
COMMIT
INSERT INTO STATS VALUES(1,NULL,1,0,2,5,1,1,1)
COMMIT
INSERT INTO STATS VALUES(2,NULL,1,1,6,6,3,2,2)
COMMIT
INSERT INTO STATS VALUES(3,NULL,1,2,3,7,2,3,3)
COMMIT
INSERT INTO STATS VALUES(4,NULL,1,3,4,8,4,4,4)
COMMIT
INSERT INTO PLAYER_MATCH_STATS VALUES(1,0,1,NULL,1)
COMMIT
INSERT INTO PLAYER_MATCH_STATS_LINK VALUES(1,1)
COMMIT
INSERT INTO PLAYER_MATCH_STATS_LINK VALUES(1,2)
COMMIT
INSERT INTO PLAYER_MATCH_STATS_LINK VALUES(1,3)
COMMIT
INSERT INTO PLAYER_MATCH_STATS_LINK VALUES(1,4)
COMMIT
/*C56*/SET SCHEMA PUBLIC
DISCONNECT
/*C57*/SET SCHEMA PUBLIC
DELETE FROM PLAYER_MATCH_STATS_LINK WHERE PLAYER_MATCH_STATS_ID=1 AND STATS_ID=1
DELETE FROM PLAYER_MATCH_STATS_LINK WHERE PLAYER_MATCH_STATS_ID=1 AND STATS_ID=2
DELETE FROM PLAYER_MATCH_STATS_LINK WHERE PLAYER_MATCH_STATS_ID=1 AND STATS_ID=3
DELETE FROM PLAYER_MATCH_STATS_LINK WHERE PLAYER_MATCH_STATS_ID=1 AND STATS_ID=4
COMMIT
DELETE FROM STATS WHERE ID=1
DELETE FROM STATS WHERE ID=2
DELETE FROM STATS WHERE ID=3
DELETE FROM STATS WHERE ID=4
COMMIT
DELETE FROM PLAYER_MATCH_STATS WHERE ID=1
COMMIT
DELETE FROM TEAM_MATCH_STATS WHERE ID=1
COMMIT
DELETE FROM MATCH WHERE ID=1
COMMIT
DELETE FROM TEAM WHERE ID=1
DELETE FROM TEAM WHERE ID=2
DELETE FROM TEAM WHERE ID=3
DELETE FROM TEAM WHERE ID=4
DELETE FROM TEAM WHERE ID=5
DELETE FROM TEAM WHERE ID=6
DELETE FROM TEAM WHERE ID=7
DELETE FROM TEAM WHERE ID=8
DELETE FROM TEAM WHERE ID=9
DELETE FROM TEAM WHERE ID=10
COMMIT
DELETE FROM PLAYER_CLUB_LINK WHERE PLAYER_ID=1 AND CLUB_ID=1
DELETE FROM PLAYER_CLUB_LINK WHERE PLAYER_ID=2 AND CLUB_ID=1
DELETE FROM PLAYER_CLUB_LINK WHERE PLAYER_ID=2 AND CLUB_ID=2
DELETE FROM PLAYER_CLUB_LINK WHERE PLAYER_ID=3 AND CLUB_ID=3
DELETE FROM PLAYER_CLUB_LINK WHERE PLAYER_ID=4 AND CLUB_ID=1
DELETE FROM PLAYER_CLUB_LINK WHERE PLAYER_ID=4 AND CLUB_ID=2
DELETE FROM PLAYER_CLUB_LINK WHERE PLAYER_ID=4 AND CLUB_ID=4
COMMIT
DELETE FROM PLAYER WHERE ID=1
DELETE FROM PLAYER WHERE ID=2
DELETE FROM PLAYER WHERE ID=3
DELETE FROM PLAYER WHERE ID=4
COMMIT
DELETE FROM CLUB WHERE ID=1
DELETE FROM CLUB WHERE ID=2
DELETE FROM CLUB WHERE ID=3
DELETE FROM CLUB WHERE ID=4
COMMIT
DELETE FROM SA_USER WHERE ID=1
DELETE FROM SA_USER WHERE ID=2
COMMIT
alter sequence ID_SEQ restart with 1000
INSERT INTO SA_USER VALUES(1,0,'dmackenz1981@gmail.com')
COMMIT
INSERT INTO SA_USER VALUES(2,0,'mkeanie11@gmail.com')
COMMIT
INSERT INTO CLUB VALUES(1,0,'OHAFC')
COMMIT
INSERT INTO CLUB VALUES(2,0,'St Kilda')
COMMIT
INSERT INTO CLUB VALUES(3,0,'Geelong')
COMMIT
INSERT INTO CLUB VALUES(4,0,'OMs')
COMMIT
INSERT INTO PLAYER VALUES(1,0,'dmack',NULL,1)
COMMIT
INSERT INTO PLAYER VALUES(2,0,'browny',NULL,1)
COMMIT
INSERT INTO PLAYER VALUES(3,0,'abomb',NULL,3)
COMMIT
INSERT INTO PLAYER VALUES(4,0,'fitzy',NULL,1)
COMMIT
INSERT INTO PLAYER_CLUB_LINK VALUES(1,1)
COMMIT
INSERT INTO PLAYER_CLUB_LINK VALUES(2,2)
COMMIT
INSERT INTO PLAYER_CLUB_LINK VALUES(2,1)
COMMIT
INSERT INTO PLAYER_CLUB_LINK VALUES(3,3)
COMMIT
INSERT INTO PLAYER_CLUB_LINK VALUES(4,2)
COMMIT
INSERT INTO PLAYER_CLUB_LINK VALUES(4,4)
COMMIT
INSERT INTO PLAYER_CLUB_LINK VALUES(4,1)
COMMIT
INSERT INTO TEAM VALUES(1,0,'SENIORS',1)
COMMIT
INSERT INTO TEAM VALUES(2,0,'RESERVES',1)
COMMIT
INSERT INTO TEAM VALUES(3,0,'U19s',1)
COMMIT
INSERT INTO TEAM VALUES(4,0,'SENIORS',2)
COMMIT
INSERT INTO TEAM VALUES(5,0,'RESERVES',2)
COMMIT
INSERT INTO TEAM VALUES(6,0,'SENIORS',3)
COMMIT
INSERT INTO TEAM VALUES(7,0,'RESERVES',3)
COMMIT
INSERT INTO TEAM VALUES(8,0,'SENIORS',4)
COMMIT
INSERT INTO TEAM VALUES(9,0,'RESERVES',4)
COMMIT
INSERT INTO TEAM VALUES(10,0,'U19s',4)
COMMIT
INSERT INTO MATCH VALUES(1,NULL,'2011-04-09 14:00:00.000000')
COMMIT
INSERT INTO TEAM_MATCH_STATS VALUES(1,0,NULL,NULL,1,1)
COMMIT
DELETE FROM TEAM_MATCH_STATS WHERE ID=1
INSERT INTO TEAM_MATCH_STATS VALUES(1,0,NULL,NULL,1,8)
COMMIT
INSERT INTO STATS VALUES(1,NULL,1,0,2,5,1,1,1)
COMMIT
INSERT INTO STATS VALUES(2,NULL,1,1,6,6,3,2,2)
COMMIT
INSERT INTO STATS VALUES(3,NULL,1,2,3,7,2,3,3)
COMMIT
INSERT INTO STATS VALUES(4,NULL,1,3,4,8,4,4,4)
COMMIT
INSERT INTO PLAYER_MATCH_STATS VALUES(1,0,1,NULL,1)
COMMIT
INSERT INTO PLAYER_MATCH_STATS_LINK VALUES(1,1)
COMMIT
INSERT INTO PLAYER_MATCH_STATS_LINK VALUES(1,2)
COMMIT
INSERT INTO PLAYER_MATCH_STATS_LINK VALUES(1,3)
COMMIT
INSERT INTO PLAYER_MATCH_STATS_LINK VALUES(1,4)
COMMIT
/*C58*/SET SCHEMA PUBLIC
DELETE FROM PLAYER_MATCH_STATS_LINK WHERE PLAYER_MATCH_STATS_ID=1 AND STATS_ID=1
DELETE FROM PLAYER_MATCH_STATS_LINK WHERE PLAYER_MATCH_STATS_ID=1 AND STATS_ID=2
DELETE FROM PLAYER_MATCH_STATS_LINK WHERE PLAYER_MATCH_STATS_ID=1 AND STATS_ID=3
DELETE FROM PLAYER_MATCH_STATS_LINK WHERE PLAYER_MATCH_STATS_ID=1 AND STATS_ID=4
COMMIT
DELETE FROM STATS WHERE ID=1
DELETE FROM STATS WHERE ID=2
DELETE FROM STATS WHERE ID=3
DELETE FROM STATS WHERE ID=4
COMMIT
DELETE FROM PLAYER_MATCH_STATS WHERE ID=1
COMMIT
DELETE FROM TEAM_MATCH_STATS WHERE ID=1
COMMIT
DELETE FROM MATCH WHERE ID=1
COMMIT
DELETE FROM TEAM WHERE ID=1
DELETE FROM TEAM WHERE ID=2
DELETE FROM TEAM WHERE ID=3
DELETE FROM TEAM WHERE ID=4
DELETE FROM TEAM WHERE ID=5
DELETE FROM TEAM WHERE ID=6
DELETE FROM TEAM WHERE ID=7
DELETE FROM TEAM WHERE ID=8
DELETE FROM TEAM WHERE ID=9
DELETE FROM TEAM WHERE ID=10
COMMIT
DELETE FROM PLAYER_CLUB_LINK WHERE PLAYER_ID=1 AND CLUB_ID=1
DELETE FROM PLAYER_CLUB_LINK WHERE PLAYER_ID=2 AND CLUB_ID=1
DELETE FROM PLAYER_CLUB_LINK WHERE PLAYER_ID=2 AND CLUB_ID=2
DELETE FROM PLAYER_CLUB_LINK WHERE PLAYER_ID=3 AND CLUB_ID=3
DELETE FROM PLAYER_CLUB_LINK WHERE PLAYER_ID=4 AND CLUB_ID=1
DELETE FROM PLAYER_CLUB_LINK WHERE PLAYER_ID=4 AND CLUB_ID=2
DELETE FROM PLAYER_CLUB_LINK WHERE PLAYER_ID=4 AND CLUB_ID=4
COMMIT
DELETE FROM PLAYER WHERE ID=1
DELETE FROM PLAYER WHERE ID=2
DELETE FROM PLAYER WHERE ID=3
DELETE FROM PLAYER WHERE ID=4
COMMIT
DELETE FROM CLUB WHERE ID=1
DELETE FROM CLUB WHERE ID=2
DELETE FROM CLUB WHERE ID=3
DELETE FROM CLUB WHERE ID=4
COMMIT
DELETE FROM SA_USER WHERE ID=1
DELETE FROM SA_USER WHERE ID=2
COMMIT
alter sequence ID_SEQ restart with 1000
INSERT INTO SA_USER VALUES(1,0,'dmackenz1981@gmail.com')
COMMIT
INSERT INTO SA_USER VALUES(2,0,'mkeanie11@gmail.com')
COMMIT
INSERT INTO CLUB VALUES(1,0,'OHAFC')
COMMIT
INSERT INTO CLUB VALUES(2,0,'St Kilda')
COMMIT
INSERT INTO CLUB VALUES(3,0,'Geelong')
COMMIT
INSERT INTO CLUB VALUES(4,0,'OMs')
COMMIT
INSERT INTO PLAYER VALUES(1,0,'dmack',NULL,1)
COMMIT
INSERT INTO PLAYER VALUES(2,0,'browny',NULL,1)
COMMIT
INSERT INTO PLAYER VALUES(3,0,'abomb',NULL,3)
COMMIT
INSERT INTO PLAYER VALUES(4,0,'fitzy',NULL,1)
COMMIT
INSERT INTO PLAYER_CLUB_LINK VALUES(1,1)
COMMIT
INSERT INTO PLAYER_CLUB_LINK VALUES(2,2)
COMMIT
INSERT INTO PLAYER_CLUB_LINK VALUES(2,1)
COMMIT
INSERT INTO PLAYER_CLUB_LINK VALUES(3,3)
COMMIT
INSERT INTO PLAYER_CLUB_LINK VALUES(4,2)
COMMIT
INSERT INTO PLAYER_CLUB_LINK VALUES(4,4)
COMMIT
INSERT INTO PLAYER_CLUB_LINK VALUES(4,1)
COMMIT
INSERT INTO TEAM VALUES(1,0,'SENIORS',1)
COMMIT
INSERT INTO TEAM VALUES(2,0,'RESERVES',1)
COMMIT
INSERT INTO TEAM VALUES(3,0,'U19s',1)
COMMIT
INSERT INTO TEAM VALUES(4,0,'SENIORS',2)
COMMIT
INSERT INTO TEAM VALUES(5,0,'RESERVES',2)
COMMIT
INSERT INTO TEAM VALUES(6,0,'SENIORS',3)
COMMIT
INSERT INTO TEAM VALUES(7,0,'RESERVES',3)
COMMIT
INSERT INTO TEAM VALUES(8,0,'SENIORS',4)
COMMIT
INSERT INTO TEAM VALUES(9,0,'RESERVES',4)
COMMIT
INSERT INTO TEAM VALUES(10,0,'U19s',4)
COMMIT
INSERT INTO MATCH VALUES(1,NULL,'2011-04-09 14:00:00.000000')
COMMIT
INSERT INTO TEAM_MATCH_STATS VALUES(1,0,NULL,NULL,1,1)
COMMIT
DELETE FROM TEAM_MATCH_STATS WHERE ID=1
INSERT INTO TEAM_MATCH_STATS VALUES(1,0,NULL,NULL,1,8)
COMMIT
INSERT INTO STATS VALUES(1,NULL,1,0,2,5,1,1,1)
COMMIT
INSERT INTO STATS VALUES(2,NULL,1,1,6,6,3,2,2)
COMMIT
INSERT INTO STATS VALUES(3,NULL,1,2,3,7,2,3,3)
COMMIT
INSERT INTO STATS VALUES(4,NULL,1,3,4,8,4,4,4)
COMMIT
INSERT INTO PLAYER_MATCH_STATS VALUES(1,0,1,NULL,1)
COMMIT
INSERT INTO PLAYER_MATCH_STATS_LINK VALUES(1,1)
COMMIT
INSERT INTO PLAYER_MATCH_STATS_LINK VALUES(1,2)
COMMIT
INSERT INTO PLAYER_MATCH_STATS_LINK VALUES(1,3)
COMMIT
INSERT INTO PLAYER_MATCH_STATS_LINK VALUES(1,4)
COMMIT
/*C57*/ROLLBACK
/*C55*/DISCONNECT
/*C57*/DISCONNECT
/*C58*/DISCONNECT
/*C59*/SET SCHEMA PUBLIC
DISCONNECT
/*C60*/SET SCHEMA PUBLIC
DISCONNECT
/*C61*/SET SCHEMA PUBLIC
DISCONNECT
/*C62*/SET SCHEMA PUBLIC
DELETE FROM PLAYER_MATCH_STATS_LINK WHERE PLAYER_MATCH_STATS_ID=1 AND STATS_ID=1
DELETE FROM PLAYER_MATCH_STATS_LINK WHERE PLAYER_MATCH_STATS_ID=1 AND STATS_ID=2
DELETE FROM PLAYER_MATCH_STATS_LINK WHERE PLAYER_MATCH_STATS_ID=1 AND STATS_ID=3
DELETE FROM PLAYER_MATCH_STATS_LINK WHERE PLAYER_MATCH_STATS_ID=1 AND STATS_ID=4
COMMIT
DELETE FROM STATS WHERE ID=1
DELETE FROM STATS WHERE ID=2
DELETE FROM STATS WHERE ID=3
DELETE FROM STATS WHERE ID=4
COMMIT
DELETE FROM PLAYER_MATCH_STATS WHERE ID=1
COMMIT
DELETE FROM TEAM_MATCH_STATS WHERE ID=1
COMMIT
DELETE FROM MATCH WHERE ID=1
COMMIT
DELETE FROM TEAM WHERE ID=1
DELETE FROM TEAM WHERE ID=2
DELETE FROM TEAM WHERE ID=3
DELETE FROM TEAM WHERE ID=4
DELETE FROM TEAM WHERE ID=5
DELETE FROM TEAM WHERE ID=6
DELETE FROM TEAM WHERE ID=7
DELETE FROM TEAM WHERE ID=8
DELETE FROM TEAM WHERE ID=9
DELETE FROM TEAM WHERE ID=10
COMMIT
DELETE FROM PLAYER_CLUB_LINK WHERE PLAYER_ID=1 AND CLUB_ID=1
DELETE FROM PLAYER_CLUB_LINK WHERE PLAYER_ID=2 AND CLUB_ID=1
DELETE FROM PLAYER_CLUB_LINK WHERE PLAYER_ID=2 AND CLUB_ID=2
DELETE FROM PLAYER_CLUB_LINK WHERE PLAYER_ID=3 AND CLUB_ID=3
DELETE FROM PLAYER_CLUB_LINK WHERE PLAYER_ID=4 AND CLUB_ID=1
DELETE FROM PLAYER_CLUB_LINK WHERE PLAYER_ID=4 AND CLUB_ID=2
DELETE FROM PLAYER_CLUB_LINK WHERE PLAYER_ID=4 AND CLUB_ID=4
COMMIT
DELETE FROM PLAYER WHERE ID=1
DELETE FROM PLAYER WHERE ID=2
DELETE FROM PLAYER WHERE ID=3
DELETE FROM PLAYER WHERE ID=4
COMMIT
DELETE FROM CLUB WHERE ID=1
DELETE FROM CLUB WHERE ID=2
DELETE FROM CLUB WHERE ID=3
DELETE FROM CLUB WHERE ID=4
COMMIT
DELETE FROM SA_USER WHERE ID=1
DELETE FROM SA_USER WHERE ID=2
COMMIT
alter sequence ID_SEQ restart with 1000
INSERT INTO SA_USER VALUES(1,0,'dmackenz1981@gmail.com')
COMMIT
INSERT INTO SA_USER VALUES(2,0,'mkeanie11@gmail.com')
COMMIT
INSERT INTO CLUB VALUES(1,0,'OHAFC')
COMMIT
INSERT INTO CLUB VALUES(2,0,'St Kilda')
COMMIT
INSERT INTO CLUB VALUES(3,0,'Geelong')
COMMIT
INSERT INTO CLUB VALUES(4,0,'OMs')
COMMIT
INSERT INTO PLAYER VALUES(1,0,'dmack',NULL,1)
COMMIT
INSERT INTO PLAYER VALUES(2,0,'browny',NULL,1)
COMMIT
INSERT INTO PLAYER VALUES(3,0,'abomb',NULL,3)
COMMIT
INSERT INTO PLAYER VALUES(4,0,'fitzy',NULL,1)
COMMIT
INSERT INTO PLAYER_CLUB_LINK VALUES(1,1)
COMMIT
INSERT INTO PLAYER_CLUB_LINK VALUES(2,2)
COMMIT
INSERT INTO PLAYER_CLUB_LINK VALUES(2,1)
COMMIT
INSERT INTO PLAYER_CLUB_LINK VALUES(3,3)
COMMIT
INSERT INTO PLAYER_CLUB_LINK VALUES(4,2)
COMMIT
INSERT INTO PLAYER_CLUB_LINK VALUES(4,4)
COMMIT
INSERT INTO PLAYER_CLUB_LINK VALUES(4,1)
COMMIT
INSERT INTO TEAM VALUES(1,0,'SENIORS',1)
COMMIT
INSERT INTO TEAM VALUES(2,0,'RESERVES',1)
COMMIT
INSERT INTO TEAM VALUES(3,0,'U19s',1)
COMMIT
INSERT INTO TEAM VALUES(4,0,'SENIORS',2)
COMMIT
INSERT INTO TEAM VALUES(5,0,'RESERVES',2)
COMMIT
INSERT INTO TEAM VALUES(6,0,'SENIORS',3)
COMMIT
INSERT INTO TEAM VALUES(7,0,'RESERVES',3)
COMMIT
INSERT INTO TEAM VALUES(8,0,'SENIORS',4)
COMMIT
INSERT INTO TEAM VALUES(9,0,'RESERVES',4)
COMMIT
INSERT INTO TEAM VALUES(10,0,'U19s',4)
COMMIT
INSERT INTO MATCH VALUES(1,NULL,'2011-04-09 14:00:00.000000')
COMMIT
INSERT INTO TEAM_MATCH_STATS VALUES(1,0,NULL,NULL,1,1)
COMMIT
DELETE FROM TEAM_MATCH_STATS WHERE ID=1
INSERT INTO TEAM_MATCH_STATS VALUES(1,0,NULL,NULL,1,8)
COMMIT
INSERT INTO STATS VALUES(1,NULL,1,0,2,5,1,1,1)
COMMIT
INSERT INTO STATS VALUES(2,NULL,1,1,6,6,3,2,2)
COMMIT
INSERT INTO STATS VALUES(3,NULL,1,2,3,7,2,3,3)
COMMIT
INSERT INTO STATS VALUES(4,NULL,1,3,4,8,4,4,4)
COMMIT
INSERT INTO PLAYER_MATCH_STATS VALUES(1,0,1,NULL,1)
COMMIT
INSERT INTO PLAYER_MATCH_STATS_LINK VALUES(1,1)
COMMIT
INSERT INTO PLAYER_MATCH_STATS_LINK VALUES(1,2)
COMMIT
INSERT INTO PLAYER_MATCH_STATS_LINK VALUES(1,3)
COMMIT
INSERT INTO PLAYER_MATCH_STATS_LINK VALUES(1,4)
COMMIT
/*C63*/SET SCHEMA PUBLIC
DISCONNECT
/*C64*/SET SCHEMA PUBLIC
DELETE FROM PLAYER_MATCH_STATS_LINK WHERE PLAYER_MATCH_STATS_ID=1 AND STATS_ID=1
DELETE FROM PLAYER_MATCH_STATS_LINK WHERE PLAYER_MATCH_STATS_ID=1 AND STATS_ID=2
DELETE FROM PLAYER_MATCH_STATS_LINK WHERE PLAYER_MATCH_STATS_ID=1 AND STATS_ID=3
DELETE FROM PLAYER_MATCH_STATS_LINK WHERE PLAYER_MATCH_STATS_ID=1 AND STATS_ID=4
COMMIT
DELETE FROM STATS WHERE ID=1
DELETE FROM STATS WHERE ID=2
DELETE FROM STATS WHERE ID=3
DELETE FROM STATS WHERE ID=4
COMMIT
DELETE FROM PLAYER_MATCH_STATS WHERE ID=1
COMMIT
DELETE FROM TEAM_MATCH_STATS WHERE ID=1
COMMIT
DELETE FROM MATCH WHERE ID=1
COMMIT
DELETE FROM TEAM WHERE ID=1
DELETE FROM TEAM WHERE ID=2
DELETE FROM TEAM WHERE ID=3
DELETE FROM TEAM WHERE ID=4
DELETE FROM TEAM WHERE ID=5
DELETE FROM TEAM WHERE ID=6
DELETE FROM TEAM WHERE ID=7
DELETE FROM TEAM WHERE ID=8
DELETE FROM TEAM WHERE ID=9
DELETE FROM TEAM WHERE ID=10
COMMIT
DELETE FROM PLAYER_CLUB_LINK WHERE PLAYER_ID=1 AND CLUB_ID=1
DELETE FROM PLAYER_CLUB_LINK WHERE PLAYER_ID=2 AND CLUB_ID=1
DELETE FROM PLAYER_CLUB_LINK WHERE PLAYER_ID=2 AND CLUB_ID=2
DELETE FROM PLAYER_CLUB_LINK WHERE PLAYER_ID=3 AND CLUB_ID=3
DELETE FROM PLAYER_CLUB_LINK WHERE PLAYER_ID=4 AND CLUB_ID=1
DELETE FROM PLAYER_CLUB_LINK WHERE PLAYER_ID=4 AND CLUB_ID=2
DELETE FROM PLAYER_CLUB_LINK WHERE PLAYER_ID=4 AND CLUB_ID=4
COMMIT
DELETE FROM PLAYER WHERE ID=1
DELETE FROM PLAYER WHERE ID=2
DELETE FROM PLAYER WHERE ID=3
DELETE FROM PLAYER WHERE ID=4
COMMIT
DELETE FROM CLUB WHERE ID=1
DELETE FROM CLUB WHERE ID=2
DELETE FROM CLUB WHERE ID=3
DELETE FROM CLUB WHERE ID=4
COMMIT
DELETE FROM SA_USER WHERE ID=1
DELETE FROM SA_USER WHERE ID=2
COMMIT
alter sequence ID_SEQ restart with 1000
INSERT INTO SA_USER VALUES(1,0,'dmackenz1981@gmail.com')
COMMIT
INSERT INTO SA_USER VALUES(2,0,'mkeanie11@gmail.com')
COMMIT
INSERT INTO CLUB VALUES(1,0,'OHAFC')
COMMIT
INSERT INTO CLUB VALUES(2,0,'St Kilda')
COMMIT
INSERT INTO CLUB VALUES(3,0,'Geelong')
COMMIT
INSERT INTO CLUB VALUES(4,0,'OMs')
COMMIT
INSERT INTO PLAYER VALUES(1,0,'dmack',NULL,1)
COMMIT
INSERT INTO PLAYER VALUES(2,0,'browny',NULL,1)
COMMIT
INSERT INTO PLAYER VALUES(3,0,'abomb',NULL,3)
COMMIT
INSERT INTO PLAYER VALUES(4,0,'fitzy',NULL,1)
COMMIT
INSERT INTO PLAYER_CLUB_LINK VALUES(1,1)
COMMIT
INSERT INTO PLAYER_CLUB_LINK VALUES(2,2)
COMMIT
INSERT INTO PLAYER_CLUB_LINK VALUES(2,1)
COMMIT
INSERT INTO PLAYER_CLUB_LINK VALUES(3,3)
COMMIT
INSERT INTO PLAYER_CLUB_LINK VALUES(4,2)
COMMIT
INSERT INTO PLAYER_CLUB_LINK VALUES(4,4)
COMMIT
INSERT INTO PLAYER_CLUB_LINK VALUES(4,1)
COMMIT
INSERT INTO TEAM VALUES(1,0,'SENIORS',1)
COMMIT
INSERT INTO TEAM VALUES(2,0,'RESERVES',1)
COMMIT
INSERT INTO TEAM VALUES(3,0,'U19s',1)
COMMIT
INSERT INTO TEAM VALUES(4,0,'SENIORS',2)
COMMIT
INSERT INTO TEAM VALUES(5,0,'RESERVES',2)
COMMIT
INSERT INTO TEAM VALUES(6,0,'SENIORS',3)
COMMIT
INSERT INTO TEAM VALUES(7,0,'RESERVES',3)
COMMIT
INSERT INTO TEAM VALUES(8,0,'SENIORS',4)
COMMIT
INSERT INTO TEAM VALUES(9,0,'RESERVES',4)
COMMIT
INSERT INTO TEAM VALUES(10,0,'U19s',4)
COMMIT
INSERT INTO MATCH VALUES(1,NULL,'2011-04-09 14:00:00.000000')
COMMIT
INSERT INTO TEAM_MATCH_STATS VALUES(1,0,NULL,NULL,1,1)
COMMIT
DELETE FROM TEAM_MATCH_STATS WHERE ID=1
INSERT INTO TEAM_MATCH_STATS VALUES(1,0,NULL,NULL,1,8)
COMMIT
INSERT INTO STATS VALUES(1,NULL,1,0,2,5,1,1,1)
COMMIT
INSERT INTO STATS VALUES(2,NULL,1,1,6,6,3,2,2)
COMMIT
INSERT INTO STATS VALUES(3,NULL,1,2,3,7,2,3,3)
COMMIT
INSERT INTO STATS VALUES(4,NULL,1,3,4,8,4,4,4)
COMMIT
INSERT INTO PLAYER_MATCH_STATS VALUES(1,0,1,NULL,1)
COMMIT
INSERT INTO PLAYER_MATCH_STATS_LINK VALUES(1,1)
COMMIT
INSERT INTO PLAYER_MATCH_STATS_LINK VALUES(1,2)
COMMIT
INSERT INTO PLAYER_MATCH_STATS_LINK VALUES(1,3)
COMMIT
INSERT INTO PLAYER_MATCH_STATS_LINK VALUES(1,4)
COMMIT
/*C65*/SET SCHEMA PUBLIC
DELETE FROM PLAYER_MATCH_STATS_LINK WHERE PLAYER_MATCH_STATS_ID=1 AND STATS_ID=1
DELETE FROM PLAYER_MATCH_STATS_LINK WHERE PLAYER_MATCH_STATS_ID=1 AND STATS_ID=2
DELETE FROM PLAYER_MATCH_STATS_LINK WHERE PLAYER_MATCH_STATS_ID=1 AND STATS_ID=3
DELETE FROM PLAYER_MATCH_STATS_LINK WHERE PLAYER_MATCH_STATS_ID=1 AND STATS_ID=4
COMMIT
DELETE FROM STATS WHERE ID=1
DELETE FROM STATS WHERE ID=2
DELETE FROM STATS WHERE ID=3
DELETE FROM STATS WHERE ID=4
COMMIT
DELETE FROM PLAYER_MATCH_STATS WHERE ID=1
COMMIT
DELETE FROM TEAM_MATCH_STATS WHERE ID=1
COMMIT
DELETE FROM MATCH WHERE ID=1
COMMIT
DELETE FROM TEAM WHERE ID=1
DELETE FROM TEAM WHERE ID=2
DELETE FROM TEAM WHERE ID=3
DELETE FROM TEAM WHERE ID=4
DELETE FROM TEAM WHERE ID=5
DELETE FROM TEAM WHERE ID=6
DELETE FROM TEAM WHERE ID=7
DELETE FROM TEAM WHERE ID=8
DELETE FROM TEAM WHERE ID=9
DELETE FROM TEAM WHERE ID=10
COMMIT
DELETE FROM PLAYER_CLUB_LINK WHERE PLAYER_ID=1 AND CLUB_ID=1
DELETE FROM PLAYER_CLUB_LINK WHERE PLAYER_ID=2 AND CLUB_ID=1
DELETE FROM PLAYER_CLUB_LINK WHERE PLAYER_ID=2 AND CLUB_ID=2
DELETE FROM PLAYER_CLUB_LINK WHERE PLAYER_ID=3 AND CLUB_ID=3
DELETE FROM PLAYER_CLUB_LINK WHERE PLAYER_ID=4 AND CLUB_ID=1
DELETE FROM PLAYER_CLUB_LINK WHERE PLAYER_ID=4 AND CLUB_ID=2
DELETE FROM PLAYER_CLUB_LINK WHERE PLAYER_ID=4 AND CLUB_ID=4
COMMIT
DELETE FROM PLAYER WHERE ID=1
DELETE FROM PLAYER WHERE ID=2
DELETE FROM PLAYER WHERE ID=3
DELETE FROM PLAYER WHERE ID=4
COMMIT
DELETE FROM CLUB WHERE ID=1
DELETE FROM CLUB WHERE ID=2
DELETE FROM CLUB WHERE ID=3
DELETE FROM CLUB WHERE ID=4
COMMIT
DELETE FROM SA_USER WHERE ID=1
DELETE FROM SA_USER WHERE ID=2
COMMIT
alter sequence ID_SEQ restart with 1000
INSERT INTO SA_USER VALUES(1,0,'dmackenz1981@gmail.com')
COMMIT
INSERT INTO SA_USER VALUES(2,0,'mkeanie11@gmail.com')
COMMIT
INSERT INTO CLUB VALUES(1,0,'OHAFC')
COMMIT
INSERT INTO CLUB VALUES(2,0,'St Kilda')
COMMIT
INSERT INTO CLUB VALUES(3,0,'Geelong')
COMMIT
INSERT INTO CLUB VALUES(4,0,'OMs')
COMMIT
INSERT INTO PLAYER VALUES(1,0,'dmack',NULL,1)
COMMIT
INSERT INTO PLAYER VALUES(2,0,'browny',NULL,1)
COMMIT
INSERT INTO PLAYER VALUES(3,0,'abomb',NULL,3)
COMMIT
INSERT INTO PLAYER VALUES(4,0,'fitzy',NULL,1)
COMMIT
INSERT INTO PLAYER_CLUB_LINK VALUES(1,1)
COMMIT
INSERT INTO PLAYER_CLUB_LINK VALUES(2,2)
COMMIT
INSERT INTO PLAYER_CLUB_LINK VALUES(2,1)
COMMIT
INSERT INTO PLAYER_CLUB_LINK VALUES(3,3)
COMMIT
INSERT INTO PLAYER_CLUB_LINK VALUES(4,2)
COMMIT
INSERT INTO PLAYER_CLUB_LINK VALUES(4,4)
COMMIT
INSERT INTO PLAYER_CLUB_LINK VALUES(4,1)
COMMIT
INSERT INTO TEAM VALUES(1,0,'SENIORS',1)
COMMIT
INSERT INTO TEAM VALUES(2,0,'RESERVES',1)
COMMIT
INSERT INTO TEAM VALUES(3,0,'U19s',1)
COMMIT
INSERT INTO TEAM VALUES(4,0,'SENIORS',2)
COMMIT
INSERT INTO TEAM VALUES(5,0,'RESERVES',2)
COMMIT
INSERT INTO TEAM VALUES(6,0,'SENIORS',3)
COMMIT
INSERT INTO TEAM VALUES(7,0,'RESERVES',3)
COMMIT
INSERT INTO TEAM VALUES(8,0,'SENIORS',4)
COMMIT
INSERT INTO TEAM VALUES(9,0,'RESERVES',4)
COMMIT
INSERT INTO TEAM VALUES(10,0,'U19s',4)
COMMIT
INSERT INTO MATCH VALUES(1,NULL,'2011-04-09 14:00:00.000000')
COMMIT
INSERT INTO TEAM_MATCH_STATS VALUES(1,0,NULL,NULL,1,1)
COMMIT
DELETE FROM TEAM_MATCH_STATS WHERE ID=1
INSERT INTO TEAM_MATCH_STATS VALUES(1,0,NULL,NULL,1,8)
COMMIT
INSERT INTO STATS VALUES(1,NULL,1,0,2,5,1,1,1)
COMMIT
INSERT INTO STATS VALUES(2,NULL,1,1,6,6,3,2,2)
COMMIT
INSERT INTO STATS VALUES(3,NULL,1,2,3,7,2,3,3)
COMMIT
INSERT INTO STATS VALUES(4,NULL,1,3,4,8,4,4,4)
COMMIT
INSERT INTO PLAYER_MATCH_STATS VALUES(1,0,1,NULL,1)
COMMIT
INSERT INTO PLAYER_MATCH_STATS_LINK VALUES(1,1)
COMMIT
INSERT INTO PLAYER_MATCH_STATS_LINK VALUES(1,2)
COMMIT
INSERT INTO PLAYER_MATCH_STATS_LINK VALUES(1,3)
COMMIT
INSERT INTO PLAYER_MATCH_STATS_LINK VALUES(1,4)
COMMIT
/*C64*/ROLLBACK
/*C62*/DISCONNECT
/*C64*/DISCONNECT
/*C65*/DISCONNECT
/*C66*/SET SCHEMA PUBLIC
DISCONNECT
/*C67*/SET SCHEMA PUBLIC
DISCONNECT
/*C68*/SET SCHEMA PUBLIC
DISCONNECT
/*C69*/SET SCHEMA PUBLIC
DELETE FROM PLAYER_MATCH_STATS_LINK WHERE PLAYER_MATCH_STATS_ID=1 AND STATS_ID=1
DELETE FROM PLAYER_MATCH_STATS_LINK WHERE PLAYER_MATCH_STATS_ID=1 AND STATS_ID=2
DELETE FROM PLAYER_MATCH_STATS_LINK WHERE PLAYER_MATCH_STATS_ID=1 AND STATS_ID=3
DELETE FROM PLAYER_MATCH_STATS_LINK WHERE PLAYER_MATCH_STATS_ID=1 AND STATS_ID=4
COMMIT
DELETE FROM STATS WHERE ID=1
DELETE FROM STATS WHERE ID=2
DELETE FROM STATS WHERE ID=3
DELETE FROM STATS WHERE ID=4
COMMIT
DELETE FROM PLAYER_MATCH_STATS WHERE ID=1
COMMIT
DELETE FROM TEAM_MATCH_STATS WHERE ID=1
COMMIT
DELETE FROM MATCH WHERE ID=1
COMMIT
DELETE FROM TEAM WHERE ID=1
DELETE FROM TEAM WHERE ID=2
DELETE FROM TEAM WHERE ID=3
DELETE FROM TEAM WHERE ID=4
DELETE FROM TEAM WHERE ID=5
DELETE FROM TEAM WHERE ID=6
DELETE FROM TEAM WHERE ID=7
DELETE FROM TEAM WHERE ID=8
DELETE FROM TEAM WHERE ID=9
DELETE FROM TEAM WHERE ID=10
COMMIT
DELETE FROM PLAYER_CLUB_LINK WHERE PLAYER_ID=1 AND CLUB_ID=1
DELETE FROM PLAYER_CLUB_LINK WHERE PLAYER_ID=2 AND CLUB_ID=1
DELETE FROM PLAYER_CLUB_LINK WHERE PLAYER_ID=2 AND CLUB_ID=2
DELETE FROM PLAYER_CLUB_LINK WHERE PLAYER_ID=3 AND CLUB_ID=3
DELETE FROM PLAYER_CLUB_LINK WHERE PLAYER_ID=4 AND CLUB_ID=1
DELETE FROM PLAYER_CLUB_LINK WHERE PLAYER_ID=4 AND CLUB_ID=2
DELETE FROM PLAYER_CLUB_LINK WHERE PLAYER_ID=4 AND CLUB_ID=4
COMMIT
DELETE FROM PLAYER WHERE ID=1
DELETE FROM PLAYER WHERE ID=2
DELETE FROM PLAYER WHERE ID=3
DELETE FROM PLAYER WHERE ID=4
COMMIT
DELETE FROM CLUB WHERE ID=1
DELETE FROM CLUB WHERE ID=2
DELETE FROM CLUB WHERE ID=3
DELETE FROM CLUB WHERE ID=4
COMMIT
DELETE FROM SA_USER WHERE ID=1
DELETE FROM SA_USER WHERE ID=2
COMMIT
alter sequence ID_SEQ restart with 1000
INSERT INTO SA_USER VALUES(1,0,'dmackenz1981@gmail.com')
COMMIT
INSERT INTO SA_USER VALUES(2,0,'mkeanie11@gmail.com')
COMMIT
INSERT INTO CLUB VALUES(1,0,'OHAFC')
COMMIT
INSERT INTO CLUB VALUES(2,0,'St Kilda')
COMMIT
INSERT INTO CLUB VALUES(3,0,'Geelong')
COMMIT
INSERT INTO CLUB VALUES(4,0,'OMs')
COMMIT
INSERT INTO PLAYER VALUES(1,0,'dmack',NULL,1)
COMMIT
INSERT INTO PLAYER VALUES(2,0,'browny',NULL,1)
COMMIT
INSERT INTO PLAYER VALUES(3,0,'abomb',NULL,3)
COMMIT
INSERT INTO PLAYER VALUES(4,0,'fitzy',NULL,1)
COMMIT
INSERT INTO PLAYER_CLUB_LINK VALUES(1,1)
COMMIT
INSERT INTO PLAYER_CLUB_LINK VALUES(2,2)
COMMIT
INSERT INTO PLAYER_CLUB_LINK VALUES(2,1)
COMMIT
INSERT INTO PLAYER_CLUB_LINK VALUES(3,3)
COMMIT
INSERT INTO PLAYER_CLUB_LINK VALUES(4,2)
COMMIT
INSERT INTO PLAYER_CLUB_LINK VALUES(4,4)
COMMIT
INSERT INTO PLAYER_CLUB_LINK VALUES(4,1)
COMMIT
INSERT INTO TEAM VALUES(1,0,'SENIORS',1)
COMMIT
INSERT INTO TEAM VALUES(2,0,'RESERVES',1)
COMMIT
INSERT INTO TEAM VALUES(3,0,'U19s',1)
COMMIT
INSERT INTO TEAM VALUES(4,0,'SENIORS',2)
COMMIT
INSERT INTO TEAM VALUES(5,0,'RESERVES',2)
COMMIT
INSERT INTO TEAM VALUES(6,0,'SENIORS',3)
COMMIT
INSERT INTO TEAM VALUES(7,0,'RESERVES',3)
COMMIT
INSERT INTO TEAM VALUES(8,0,'SENIORS',4)
COMMIT
INSERT INTO TEAM VALUES(9,0,'RESERVES',4)
COMMIT
INSERT INTO TEAM VALUES(10,0,'U19s',4)
COMMIT
INSERT INTO MATCH VALUES(1,NULL,'2011-04-09 14:00:00.000000')
COMMIT
INSERT INTO TEAM_MATCH_STATS VALUES(1,0,NULL,NULL,1,1)
COMMIT
DELETE FROM TEAM_MATCH_STATS WHERE ID=1
INSERT INTO TEAM_MATCH_STATS VALUES(1,0,NULL,NULL,1,8)
COMMIT
INSERT INTO STATS VALUES(1,NULL,1,0,2,5,1,1,1)
COMMIT
INSERT INTO STATS VALUES(2,NULL,1,1,6,6,3,2,2)
COMMIT
INSERT INTO STATS VALUES(3,NULL,1,2,3,7,2,3,3)
COMMIT
INSERT INTO STATS VALUES(4,NULL,1,3,4,8,4,4,4)
COMMIT
INSERT INTO PLAYER_MATCH_STATS VALUES(1,0,1,NULL,1)
COMMIT
INSERT INTO PLAYER_MATCH_STATS_LINK VALUES(1,1)
COMMIT
INSERT INTO PLAYER_MATCH_STATS_LINK VALUES(1,2)
COMMIT
INSERT INTO PLAYER_MATCH_STATS_LINK VALUES(1,3)
COMMIT
INSERT INTO PLAYER_MATCH_STATS_LINK VALUES(1,4)
COMMIT
/*C70*/SET SCHEMA PUBLIC
DISCONNECT
/*C71*/SET SCHEMA PUBLIC
DELETE FROM PLAYER_MATCH_STATS_LINK WHERE PLAYER_MATCH_STATS_ID=1 AND STATS_ID=1
DELETE FROM PLAYER_MATCH_STATS_LINK WHERE PLAYER_MATCH_STATS_ID=1 AND STATS_ID=2
DELETE FROM PLAYER_MATCH_STATS_LINK WHERE PLAYER_MATCH_STATS_ID=1 AND STATS_ID=3
DELETE FROM PLAYER_MATCH_STATS_LINK WHERE PLAYER_MATCH_STATS_ID=1 AND STATS_ID=4
COMMIT
DELETE FROM STATS WHERE ID=1
DELETE FROM STATS WHERE ID=2
DELETE FROM STATS WHERE ID=3
DELETE FROM STATS WHERE ID=4
COMMIT
DELETE FROM PLAYER_MATCH_STATS WHERE ID=1
COMMIT
DELETE FROM TEAM_MATCH_STATS WHERE ID=1
COMMIT
DELETE FROM MATCH WHERE ID=1
COMMIT
DELETE FROM TEAM WHERE ID=1
DELETE FROM TEAM WHERE ID=2
DELETE FROM TEAM WHERE ID=3
DELETE FROM TEAM WHERE ID=4
DELETE FROM TEAM WHERE ID=5
DELETE FROM TEAM WHERE ID=6
DELETE FROM TEAM WHERE ID=7
DELETE FROM TEAM WHERE ID=8
DELETE FROM TEAM WHERE ID=9
DELETE FROM TEAM WHERE ID=10
COMMIT
DELETE FROM PLAYER_CLUB_LINK WHERE PLAYER_ID=1 AND CLUB_ID=1
DELETE FROM PLAYER_CLUB_LINK WHERE PLAYER_ID=2 AND CLUB_ID=1
DELETE FROM PLAYER_CLUB_LINK WHERE PLAYER_ID=2 AND CLUB_ID=2
DELETE FROM PLAYER_CLUB_LINK WHERE PLAYER_ID=3 AND CLUB_ID=3
DELETE FROM PLAYER_CLUB_LINK WHERE PLAYER_ID=4 AND CLUB_ID=1
DELETE FROM PLAYER_CLUB_LINK WHERE PLAYER_ID=4 AND CLUB_ID=2
DELETE FROM PLAYER_CLUB_LINK WHERE PLAYER_ID=4 AND CLUB_ID=4
COMMIT
DELETE FROM PLAYER WHERE ID=1
DELETE FROM PLAYER WHERE ID=2
DELETE FROM PLAYER WHERE ID=3
DELETE FROM PLAYER WHERE ID=4
COMMIT
DELETE FROM CLUB WHERE ID=1
DELETE FROM CLUB WHERE ID=2
DELETE FROM CLUB WHERE ID=3
DELETE FROM CLUB WHERE ID=4
COMMIT
DELETE FROM SA_USER WHERE ID=1
DELETE FROM SA_USER WHERE ID=2
COMMIT
alter sequence ID_SEQ restart with 1000
INSERT INTO SA_USER VALUES(1,0,'dmackenz1981@gmail.com')
COMMIT
INSERT INTO SA_USER VALUES(2,0,'mkeanie11@gmail.com')
COMMIT
INSERT INTO CLUB VALUES(1,0,'OHAFC')
COMMIT
INSERT INTO CLUB VALUES(2,0,'St Kilda')
COMMIT
INSERT INTO CLUB VALUES(3,0,'Geelong')
COMMIT
INSERT INTO CLUB VALUES(4,0,'OMs')
COMMIT
INSERT INTO PLAYER VALUES(1,0,'dmack',NULL,1)
COMMIT
INSERT INTO PLAYER VALUES(2,0,'browny',NULL,1)
COMMIT
INSERT INTO PLAYER VALUES(3,0,'abomb',NULL,3)
COMMIT
INSERT INTO PLAYER VALUES(4,0,'fitzy',NULL,1)
COMMIT
INSERT INTO PLAYER_CLUB_LINK VALUES(1,1)
COMMIT
INSERT INTO PLAYER_CLUB_LINK VALUES(2,2)
COMMIT
INSERT INTO PLAYER_CLUB_LINK VALUES(2,1)
COMMIT
INSERT INTO PLAYER_CLUB_LINK VALUES(3,3)
COMMIT
INSERT INTO PLAYER_CLUB_LINK VALUES(4,2)
COMMIT
INSERT INTO PLAYER_CLUB_LINK VALUES(4,4)
COMMIT
INSERT INTO PLAYER_CLUB_LINK VALUES(4,1)
COMMIT
INSERT INTO TEAM VALUES(1,0,'SENIORS',1)
COMMIT
INSERT INTO TEAM VALUES(2,0,'RESERVES',1)
COMMIT
INSERT INTO TEAM VALUES(3,0,'U19s',1)
COMMIT
INSERT INTO TEAM VALUES(4,0,'SENIORS',2)
COMMIT
INSERT INTO TEAM VALUES(5,0,'RESERVES',2)
COMMIT
INSERT INTO TEAM VALUES(6,0,'SENIORS',3)
COMMIT
INSERT INTO TEAM VALUES(7,0,'RESERVES',3)
COMMIT
INSERT INTO TEAM VALUES(8,0,'SENIORS',4)
COMMIT
INSERT INTO TEAM VALUES(9,0,'RESERVES',4)
COMMIT
INSERT INTO TEAM VALUES(10,0,'U19s',4)
COMMIT
INSERT INTO MATCH VALUES(1,NULL,'2011-04-09 14:00:00.000000')
COMMIT
INSERT INTO TEAM_MATCH_STATS VALUES(1,0,NULL,NULL,1,1)
COMMIT
DELETE FROM TEAM_MATCH_STATS WHERE ID=1
INSERT INTO TEAM_MATCH_STATS VALUES(1,0,NULL,NULL,1,8)
COMMIT
INSERT INTO STATS VALUES(1,NULL,1,0,2,5,1,1,1)
COMMIT
INSERT INTO STATS VALUES(2,NULL,1,1,6,6,3,2,2)
COMMIT
INSERT INTO STATS VALUES(3,NULL,1,2,3,7,2,3,3)
COMMIT
INSERT INTO STATS VALUES(4,NULL,1,3,4,8,4,4,4)
COMMIT
INSERT INTO PLAYER_MATCH_STATS VALUES(1,0,1,NULL,1)
COMMIT
INSERT INTO PLAYER_MATCH_STATS_LINK VALUES(1,1)
COMMIT
INSERT INTO PLAYER_MATCH_STATS_LINK VALUES(1,2)
COMMIT
INSERT INTO PLAYER_MATCH_STATS_LINK VALUES(1,3)
COMMIT
INSERT INTO PLAYER_MATCH_STATS_LINK VALUES(1,4)
COMMIT
/*C72*/SET SCHEMA PUBLIC
DELETE FROM PLAYER_MATCH_STATS_LINK WHERE PLAYER_MATCH_STATS_ID=1 AND STATS_ID=1
DELETE FROM PLAYER_MATCH_STATS_LINK WHERE PLAYER_MATCH_STATS_ID=1 AND STATS_ID=2
DELETE FROM PLAYER_MATCH_STATS_LINK WHERE PLAYER_MATCH_STATS_ID=1 AND STATS_ID=3
DELETE FROM PLAYER_MATCH_STATS_LINK WHERE PLAYER_MATCH_STATS_ID=1 AND STATS_ID=4
COMMIT
DELETE FROM STATS WHERE ID=1
DELETE FROM STATS WHERE ID=2
DELETE FROM STATS WHERE ID=3
DELETE FROM STATS WHERE ID=4
COMMIT
DELETE FROM PLAYER_MATCH_STATS WHERE ID=1
COMMIT
DELETE FROM TEAM_MATCH_STATS WHERE ID=1
COMMIT
DELETE FROM MATCH WHERE ID=1
COMMIT
DELETE FROM TEAM WHERE ID=1
DELETE FROM TEAM WHERE ID=2
DELETE FROM TEAM WHERE ID=3
DELETE FROM TEAM WHERE ID=4
DELETE FROM TEAM WHERE ID=5
DELETE FROM TEAM WHERE ID=6
DELETE FROM TEAM WHERE ID=7
DELETE FROM TEAM WHERE ID=8
DELETE FROM TEAM WHERE ID=9
DELETE FROM TEAM WHERE ID=10
COMMIT
DELETE FROM PLAYER_CLUB_LINK WHERE PLAYER_ID=1 AND CLUB_ID=1
DELETE FROM PLAYER_CLUB_LINK WHERE PLAYER_ID=2 AND CLUB_ID=1
DELETE FROM PLAYER_CLUB_LINK WHERE PLAYER_ID=2 AND CLUB_ID=2
DELETE FROM PLAYER_CLUB_LINK WHERE PLAYER_ID=3 AND CLUB_ID=3
DELETE FROM PLAYER_CLUB_LINK WHERE PLAYER_ID=4 AND CLUB_ID=1
DELETE FROM PLAYER_CLUB_LINK WHERE PLAYER_ID=4 AND CLUB_ID=2
DELETE FROM PLAYER_CLUB_LINK WHERE PLAYER_ID=4 AND CLUB_ID=4
COMMIT
DELETE FROM PLAYER WHERE ID=1
DELETE FROM PLAYER WHERE ID=2
DELETE FROM PLAYER WHERE ID=3
DELETE FROM PLAYER WHERE ID=4
COMMIT
DELETE FROM CLUB WHERE ID=1
DELETE FROM CLUB WHERE ID=2
DELETE FROM CLUB WHERE ID=3
DELETE FROM CLUB WHERE ID=4
COMMIT
DELETE FROM SA_USER WHERE ID=1
DELETE FROM SA_USER WHERE ID=2
COMMIT
alter sequence ID_SEQ restart with 1000
INSERT INTO SA_USER VALUES(1,0,'dmackenz1981@gmail.com')
COMMIT
INSERT INTO SA_USER VALUES(2,0,'mkeanie11@gmail.com')
COMMIT
INSERT INTO CLUB VALUES(1,0,'OHAFC')
COMMIT
INSERT INTO CLUB VALUES(2,0,'St Kilda')
COMMIT
INSERT INTO CLUB VALUES(3,0,'Geelong')
COMMIT
INSERT INTO CLUB VALUES(4,0,'OMs')
COMMIT
INSERT INTO PLAYER VALUES(1,0,'dmack',NULL,1)
COMMIT
INSERT INTO PLAYER VALUES(2,0,'browny',NULL,1)
COMMIT
INSERT INTO PLAYER VALUES(3,0,'abomb',NULL,3)
COMMIT
INSERT INTO PLAYER VALUES(4,0,'fitzy',NULL,1)
COMMIT
INSERT INTO PLAYER_CLUB_LINK VALUES(1,1)
COMMIT
INSERT INTO PLAYER_CLUB_LINK VALUES(2,2)
COMMIT
INSERT INTO PLAYER_CLUB_LINK VALUES(2,1)
COMMIT
INSERT INTO PLAYER_CLUB_LINK VALUES(3,3)
COMMIT
INSERT INTO PLAYER_CLUB_LINK VALUES(4,2)
COMMIT
INSERT INTO PLAYER_CLUB_LINK VALUES(4,4)
COMMIT
INSERT INTO PLAYER_CLUB_LINK VALUES(4,1)
COMMIT
INSERT INTO TEAM VALUES(1,0,'SENIORS',1)
COMMIT
INSERT INTO TEAM VALUES(2,0,'RESERVES',1)
COMMIT
INSERT INTO TEAM VALUES(3,0,'U19s',1)
COMMIT
INSERT INTO TEAM VALUES(4,0,'SENIORS',2)
COMMIT
INSERT INTO TEAM VALUES(5,0,'RESERVES',2)
COMMIT
INSERT INTO TEAM VALUES(6,0,'SENIORS',3)
COMMIT
INSERT INTO TEAM VALUES(7,0,'RESERVES',3)
COMMIT
INSERT INTO TEAM VALUES(8,0,'SENIORS',4)
COMMIT
INSERT INTO TEAM VALUES(9,0,'RESERVES',4)
COMMIT
INSERT INTO TEAM VALUES(10,0,'U19s',4)
COMMIT
INSERT INTO MATCH VALUES(1,NULL,'2011-04-09 14:00:00.000000')
COMMIT
INSERT INTO TEAM_MATCH_STATS VALUES(1,0,NULL,NULL,1,1)
COMMIT
DELETE FROM TEAM_MATCH_STATS WHERE ID=1
INSERT INTO TEAM_MATCH_STATS VALUES(1,0,NULL,NULL,1,8)
COMMIT
INSERT INTO STATS VALUES(1,NULL,1,0,2,5,1,1,1)
COMMIT
INSERT INTO STATS VALUES(2,NULL,1,1,6,6,3,2,2)
COMMIT
INSERT INTO STATS VALUES(3,NULL,1,2,3,7,2,3,3)
COMMIT
INSERT INTO STATS VALUES(4,NULL,1,3,4,8,4,4,4)
COMMIT
INSERT INTO PLAYER_MATCH_STATS VALUES(1,0,1,NULL,1)
COMMIT
INSERT INTO PLAYER_MATCH_STATS_LINK VALUES(1,1)
COMMIT
INSERT INTO PLAYER_MATCH_STATS_LINK VALUES(1,2)
COMMIT
INSERT INTO PLAYER_MATCH_STATS_LINK VALUES(1,3)
COMMIT
INSERT INTO PLAYER_MATCH_STATS_LINK VALUES(1,4)
COMMIT
/*C71*/ROLLBACK
/*C69*/DISCONNECT
/*C71*/DISCONNECT
/*C72*/DISCONNECT
/*C73*/SET SCHEMA PUBLIC
DISCONNECT
